# Logfile created on 2016-06-07 15:53:47 -0500 by logger.rb/53141
  INFO ---------------------------------------------------------------------------
  INFO START 2016-06-07 15:53:47 -0500 cap production rvm:check
  INFO ---------------------------------------------------------------------------
 DEBUG [9bb6c555] Running [ -d ~/.rvm ] as deploy@sloth.run
 DEBUG [9bb6c555] Command: [ -d ~/.rvm ]
 DEBUG [9bb6c555] Finished in 0.437 seconds with exit status 0 (successful).
 DEBUG [19ec85d3] Running ~/.rvm/bin/rvm version as deploy@sloth.run
 DEBUG [19ec85d3] Command: ~/.rvm/bin/rvm version
 DEBUG [19ec85d3] 	rvm 1.27.0 (latest) by Wayne E. Seguin <wayneeseguin@gmail.com>, Michal Papis <mpapis@gmail.com> [https://rvm.io/]
 DEBUG [19ec85d3] Finished in 0.234 seconds with exit status 0 (successful).
 DEBUG [1e5446e0] Running ~/.rvm/bin/rvm current as deploy@sloth.run
 DEBUG [1e5446e0] Command: ~/.rvm/bin/rvm current
 DEBUG [1e5446e0] 	ruby-2.3.0
 DEBUG [1e5446e0] Finished in 0.239 seconds with exit status 0 (successful).
 DEBUG [9d1ed105] Running ~/.rvm/bin/rvm default do ruby --version as deploy@sloth.run
 DEBUG [9d1ed105] Command: ~/.rvm/bin/rvm default do ruby --version
 DEBUG [9d1ed105] 	ruby 2.3.0p0 (2015-12-25 revision 53290) [x86_64-linux]
 DEBUG [9d1ed105] Finished in 0.387 seconds with exit status 0 (successful).
  INFO ---------------------------------------------------------------------------
  INFO START 2016-06-07 16:05:57 -0500 cap production deploy
  INFO ---------------------------------------------------------------------------
 DEBUG [5b5a6b97] Running [ -d ~/.rvm ] as deploy@sloth.run
 DEBUG [5b5a6b97] Command: [ -d ~/.rvm ]
 DEBUG [5b5a6b97] Finished in 0.405 seconds with exit status 0 (successful).
 DEBUG [8e4e4a77] Running ~/.rvm/bin/rvm version as deploy@sloth.run
 DEBUG [8e4e4a77] Command: ~/.rvm/bin/rvm version
 DEBUG [8e4e4a77] 	rvm 1.27.0 (latest) by Wayne E. Seguin <wayneeseguin@gmail.com>, Michal Papis <mpapis@gmail.com> [https://rvm.io/]
 DEBUG [8e4e4a77] Finished in 0.302 seconds with exit status 0 (successful).
 DEBUG [75d8a092] Running ~/.rvm/bin/rvm current as deploy@sloth.run
 DEBUG [75d8a092] Command: ~/.rvm/bin/rvm current
 DEBUG [75d8a092] 	ruby-2.3.0
 DEBUG [75d8a092] Finished in 0.248 seconds with exit status 0 (successful).
 DEBUG [aa615197] Running ~/.rvm/bin/rvm default do ruby --version as deploy@sloth.run
 DEBUG [aa615197] Command: ~/.rvm/bin/rvm default do ruby --version
 DEBUG [aa615197] 	ruby 2.3.0p0 (2015-12-25 revision 53290) [x86_64-linux]
 DEBUG [aa615197] Finished in 0.343 seconds with exit status 0 (successful).
  INFO [309d40ba] Running /usr/bin/env mkdir -p /tmp/sloth-run/ as deploy@sloth.run
 DEBUG [309d40ba] Command: /usr/bin/env mkdir -p /tmp/sloth-run/
  INFO [309d40ba] Finished in 0.047 seconds with exit status 0 (successful).
 DEBUG Uploading /tmp/sloth-run/git-ssh.sh 0.0%
  INFO Uploading /tmp/sloth-run/git-ssh.sh 100.0%
  INFO [72563250] Running /usr/bin/env chmod +rx /tmp/sloth-run/git-ssh.sh as deploy@sloth.run
 DEBUG [72563250] Command: /usr/bin/env chmod +rx /tmp/sloth-run/git-ssh.sh
  INFO [72563250] Finished in 0.047 seconds with exit status 0 (successful).
  INFO [69b395fe] Running /usr/bin/env git ls-remote --heads git@github.com:evanrblack/sloth-run.git as deploy@sloth.run
 DEBUG [69b395fe] Command: ( export GIT_ASKPASS="/bin/echo" GIT_SSH="/tmp/sloth-run/git-ssh.sh" ; /usr/bin/env git ls-remote --heads git@github.com:evanrblack/sloth-run.git )
 DEBUG [69b395fe] 	Warning: Permanently added the RSA host key for IP address '192.30.252.130' to the list of known hosts.
 DEBUG [69b395fe] 	0d67f485fb5df46df80de4aee8379d2d2525be92	refs/heads/master
  INFO [69b395fe] Finished in 0.669 seconds with exit status 0 (successful).
  INFO [80d2c3fa] Running /usr/bin/env mkdir -p ~/apps/sloth-run/shared ~/apps/sloth-run/releases as deploy@sloth.run
 DEBUG [80d2c3fa] Command: /usr/bin/env mkdir -p ~/apps/sloth-run/shared ~/apps/sloth-run/releases
  INFO [80d2c3fa] Finished in 0.046 seconds with exit status 0 (successful).
  INFO [60ea70b7] Running /usr/bin/env mkdir -p ~/apps/sloth-run/shared/tmp ~/apps/sloth-run/shared/log as deploy@sloth.run
 DEBUG [60ea70b7] Command: /usr/bin/env mkdir -p ~/apps/sloth-run/shared/tmp ~/apps/sloth-run/shared/log
  INFO [60ea70b7] Finished in 0.063 seconds with exit status 0 (successful).
  INFO [578aff5d] Running /usr/bin/env mkdir -p ~/apps/sloth-run/shared as deploy@sloth.run
 DEBUG [578aff5d] Command: /usr/bin/env mkdir -p ~/apps/sloth-run/shared
  INFO [578aff5d] Finished in 0.045 seconds with exit status 0 (successful).
 DEBUG [c0b9b5c4] Running [ -f ~/apps/sloth-run/shared/config.ru ] as deploy@sloth.run
 DEBUG [c0b9b5c4] Command: [ -f ~/apps/sloth-run/shared/config.ru ]
 DEBUG [c0b9b5c4] Finished in 0.043 seconds with exit status 1 (failed).
 ERROR linked file ~/apps/sloth-run/shared/config.ru does not exist on sloth.run
  INFO ---------------------------------------------------------------------------
  INFO START 2016-06-07 16:06:46 -0500 cap production deploy
  INFO ---------------------------------------------------------------------------
 DEBUG [6045235c] Running [ -d ~/.rvm ] as deploy@sloth.run
 DEBUG [6045235c] Command: [ -d ~/.rvm ]
 DEBUG [6045235c] Finished in 0.399 seconds with exit status 0 (successful).
 DEBUG [9c2c9d1b] Running ~/.rvm/bin/rvm version as deploy@sloth.run
 DEBUG [9c2c9d1b] Command: ~/.rvm/bin/rvm version
 DEBUG [9c2c9d1b] 	rvm 1.27.0 (latest) by Wayne E. Seguin <wayneeseguin@gmail.com>, Michal Papis <mpapis@gmail.com> [https://rvm.io/]
 DEBUG [9c2c9d1b] Finished in 0.233 seconds with exit status 0 (successful).
 DEBUG [49c3fa7b] Running ~/.rvm/bin/rvm current as deploy@sloth.run
 DEBUG [49c3fa7b] Command: ~/.rvm/bin/rvm current
 DEBUG [49c3fa7b] 	ruby-2.3.0
 DEBUG [49c3fa7b] Finished in 0.239 seconds with exit status 0 (successful).
 DEBUG [8ffd99c2] Running ~/.rvm/bin/rvm default do ruby --version as deploy@sloth.run
 DEBUG [8ffd99c2] Command: ~/.rvm/bin/rvm default do ruby --version
 DEBUG [8ffd99c2] 	ruby 2.3.0p0 (2015-12-25 revision 53290) [x86_64-linux]
 DEBUG [8ffd99c2] Finished in 0.380 seconds with exit status 0 (successful).
  INFO [681b56ab] Running /usr/bin/env mkdir -p /tmp/sloth-run/ as deploy@sloth.run
 DEBUG [681b56ab] Command: /usr/bin/env mkdir -p /tmp/sloth-run/
  INFO [681b56ab] Finished in 0.045 seconds with exit status 0 (successful).
 DEBUG Uploading /tmp/sloth-run/git-ssh.sh 0.0%
  INFO Uploading /tmp/sloth-run/git-ssh.sh 100.0%
  INFO [cf80788d] Running /usr/bin/env chmod +rx /tmp/sloth-run/git-ssh.sh as deploy@sloth.run
 DEBUG [cf80788d] Command: /usr/bin/env chmod +rx /tmp/sloth-run/git-ssh.sh
  INFO [cf80788d] Finished in 0.044 seconds with exit status 0 (successful).
  INFO [2b00584c] Running /usr/bin/env git ls-remote --heads git@github.com:evanrblack/sloth-run.git as deploy@sloth.run
 DEBUG [2b00584c] Command: ( export GIT_ASKPASS="/bin/echo" GIT_SSH="/tmp/sloth-run/git-ssh.sh" ; /usr/bin/env git ls-remote --heads git@github.com:evanrblack/sloth-run.git )
 DEBUG [2b00584c] 	0d67f485fb5df46df80de4aee8379d2d2525be92	refs/heads/master
  INFO [2b00584c] Finished in 0.645 seconds with exit status 0 (successful).
  INFO [6a9fd91e] Running /usr/bin/env mkdir -p ~/apps/sloth-run/shared ~/apps/sloth-run/releases as deploy@sloth.run
 DEBUG [6a9fd91e] Command: /usr/bin/env mkdir -p ~/apps/sloth-run/shared ~/apps/sloth-run/releases
  INFO [6a9fd91e] Finished in 0.045 seconds with exit status 0 (successful).
  INFO [10957c9c] Running /usr/bin/env mkdir -p ~/apps/sloth-run/shared/tmp ~/apps/sloth-run/shared/log as deploy@sloth.run
 DEBUG [10957c9c] Command: /usr/bin/env mkdir -p ~/apps/sloth-run/shared/tmp ~/apps/sloth-run/shared/log
  INFO [10957c9c] Finished in 0.047 seconds with exit status 0 (successful).
  INFO [73dc7878] Running /usr/bin/env mkdir -p ~/apps/sloth-run/shared as deploy@sloth.run
 DEBUG [73dc7878] Command: /usr/bin/env mkdir -p ~/apps/sloth-run/shared
  INFO [73dc7878] Finished in 0.045 seconds with exit status 0 (successful).
 DEBUG [db8a4bc0] Running [ -f ~/apps/sloth-run/shared/config.ru ] as deploy@sloth.run
 DEBUG [db8a4bc0] Command: [ -f ~/apps/sloth-run/shared/config.ru ]
 DEBUG [db8a4bc0] Finished in 0.042 seconds with exit status 1 (failed).
 ERROR linked file ~/apps/sloth-run/shared/config.ru does not exist on sloth.run
  INFO ---------------------------------------------------------------------------
  INFO START 2016-06-07 16:07:50 -0500 cap production deploy
  INFO ---------------------------------------------------------------------------
 DEBUG [3f9b830d] Running [ -d ~/.rvm ] as deploy@sloth.run
 DEBUG [3f9b830d] Command: [ -d ~/.rvm ]
 DEBUG [3f9b830d] Finished in 0.374 seconds with exit status 0 (successful).
 DEBUG [44c77039] Running ~/.rvm/bin/rvm version as deploy@sloth.run
 DEBUG [44c77039] Command: ~/.rvm/bin/rvm version
 DEBUG [44c77039] 	rvm 1.27.0 (latest) by Wayne E. Seguin <wayneeseguin@gmail.com>, Michal Papis <mpapis@gmail.com> [https://rvm.io/]
 DEBUG [44c77039] Finished in 0.246 seconds with exit status 0 (successful).
 DEBUG [b672ba36] Running ~/.rvm/bin/rvm current as deploy@sloth.run
 DEBUG [b672ba36] Command: ~/.rvm/bin/rvm current
 DEBUG [b672ba36] 	ruby-2.3.0
 DEBUG [b672ba36] Finished in 0.235 seconds with exit status 0 (successful).
 DEBUG [e8e05135] Running ~/.rvm/bin/rvm default do ruby --version as deploy@sloth.run
 DEBUG [e8e05135] Command: ~/.rvm/bin/rvm default do ruby --version
 DEBUG [e8e05135] 	ruby 2.3.0p0 (2015-12-25 revision 53290) [x86_64-linux]
 DEBUG [e8e05135] Finished in 0.435 seconds with exit status 0 (successful).
  INFO [e33138fa] Running /usr/bin/env mkdir -p /tmp/sloth-run/ as deploy@sloth.run
 DEBUG [e33138fa] Command: /usr/bin/env mkdir -p /tmp/sloth-run/
  INFO [e33138fa] Finished in 0.044 seconds with exit status 0 (successful).
 DEBUG Uploading /tmp/sloth-run/git-ssh.sh 0.0%
  INFO Uploading /tmp/sloth-run/git-ssh.sh 100.0%
  INFO [e7cb6ade] Running /usr/bin/env chmod +rx /tmp/sloth-run/git-ssh.sh as deploy@sloth.run
 DEBUG [e7cb6ade] Command: /usr/bin/env chmod +rx /tmp/sloth-run/git-ssh.sh
  INFO [e7cb6ade] Finished in 0.045 seconds with exit status 0 (successful).
  INFO [0e18099e] Running /usr/bin/env git ls-remote --heads git@github.com:evanrblack/sloth-run.git as deploy@sloth.run
 DEBUG [0e18099e] Command: ( export GIT_ASKPASS="/bin/echo" GIT_SSH="/tmp/sloth-run/git-ssh.sh" ; /usr/bin/env git ls-remote --heads git@github.com:evanrblack/sloth-run.git )
 DEBUG [0e18099e] 	0d67f485fb5df46df80de4aee8379d2d2525be92	refs/heads/master
  INFO [0e18099e] Finished in 0.636 seconds with exit status 0 (successful).
  INFO [9fdb331e] Running /usr/bin/env mkdir -p ~/apps/sloth-run/shared ~/apps/sloth-run/releases as deploy@sloth.run
 DEBUG [9fdb331e] Command: /usr/bin/env mkdir -p ~/apps/sloth-run/shared ~/apps/sloth-run/releases
  INFO [9fdb331e] Finished in 0.048 seconds with exit status 0 (successful).
  INFO [5fc9eac2] Running /usr/bin/env mkdir -p ~/apps/sloth-run/shared/tmp ~/apps/sloth-run/shared/log as deploy@sloth.run
 DEBUG [5fc9eac2] Command: /usr/bin/env mkdir -p ~/apps/sloth-run/shared/tmp ~/apps/sloth-run/shared/log
  INFO [5fc9eac2] Finished in 0.044 seconds with exit status 0 (successful).
 DEBUG [b6a44069] Running [ -f ~/apps/sloth-run/current/REVISION ] as deploy@sloth.run
 DEBUG [b6a44069] Command: [ -f ~/apps/sloth-run/current/REVISION ]
 DEBUG [b6a44069] Finished in 0.045 seconds with exit status 0 (successful).
 DEBUG [04d2a595] Running /usr/bin/env cat ~/apps/sloth-run/current/REVISION 2>/dev/null as deploy@sloth.run
 DEBUG [04d2a595] Command: /usr/bin/env cat ~/apps/sloth-run/current/REVISION 2>/dev/null
 DEBUG [04d2a595] 	0d67f48
 DEBUG [04d2a595] Finished in 0.046 seconds with exit status 0 (successful).
 DEBUG [023cb0de] Running [ -f ~/apps/sloth-run/repo/HEAD ] as deploy@sloth.run
 DEBUG [023cb0de] Command: [ -f ~/apps/sloth-run/repo/HEAD ]
 DEBUG [023cb0de] Finished in 0.042 seconds with exit status 0 (successful).
  INFO The repository mirror is at ~/apps/sloth-run/repo
 DEBUG [400628ea] Running if test ! -d ~/apps/sloth-run/repo; then echo "Directory does not exist '~/apps/sloth-run/repo'" 1>&2; false; fi as deploy@sloth.run
 DEBUG [400628ea] Command: if test ! -d ~/apps/sloth-run/repo; then echo "Directory does not exist '~/apps/sloth-run/repo'" 1>&2; false; fi
 DEBUG [400628ea] Finished in 0.044 seconds with exit status 0 (successful).
  INFO [04b6d6be] Running /usr/bin/env git remote update --prune as deploy@sloth.run
 DEBUG [04b6d6be] Command: cd ~/apps/sloth-run/repo && ( export GIT_ASKPASS="/bin/echo" GIT_SSH="/tmp/sloth-run/git-ssh.sh" ; /usr/bin/env git remote update --prune )
 DEBUG [04b6d6be] 	Fetching origin
  INFO [04b6d6be] Finished in 0.663 seconds with exit status 0 (successful).
 DEBUG [67424920] Running if test ! -d ~/apps/sloth-run/repo; then echo "Directory does not exist '~/apps/sloth-run/repo'" 1>&2; false; fi as deploy@sloth.run
 DEBUG [67424920] Command: if test ! -d ~/apps/sloth-run/repo; then echo "Directory does not exist '~/apps/sloth-run/repo'" 1>&2; false; fi
 DEBUG [67424920] Finished in 0.043 seconds with exit status 0 (successful).
  INFO [1afb6450] Running /usr/bin/env mkdir -p ~/apps/sloth-run/releases/20160607210752 as deploy@sloth.run
 DEBUG [1afb6450] Command: cd ~/apps/sloth-run/repo && ( export GIT_ASKPASS="/bin/echo" GIT_SSH="/tmp/sloth-run/git-ssh.sh" ; /usr/bin/env mkdir -p ~/apps/sloth-run/releases/20160607210752 )
  INFO [1afb6450] Finished in 0.047 seconds with exit status 0 (successful).
  INFO [afe26b1d] Running /usr/bin/env git archive master | tar -x -f - -C ~/apps/sloth-run/releases/20160607210752 as deploy@sloth.run
 DEBUG [afe26b1d] Command: cd ~/apps/sloth-run/repo && ( export GIT_ASKPASS="/bin/echo" GIT_SSH="/tmp/sloth-run/git-ssh.sh" ; /usr/bin/env git archive master | tar -x -f - -C ~/apps/sloth-run/releases/20160607210752 )
  INFO [afe26b1d] Finished in 0.047 seconds with exit status 0 (successful).
 DEBUG [88333a07] Running if test ! -d ~/apps/sloth-run/repo; then echo "Directory does not exist '~/apps/sloth-run/repo'" 1>&2; false; fi as deploy@sloth.run
 DEBUG [88333a07] Command: if test ! -d ~/apps/sloth-run/repo; then echo "Directory does not exist '~/apps/sloth-run/repo'" 1>&2; false; fi
 DEBUG [88333a07] Finished in 0.044 seconds with exit status 0 (successful).
 DEBUG [e749ed06] Running /usr/bin/env git rev-list --max-count=1 master as deploy@sloth.run
 DEBUG [e749ed06] Command: cd ~/apps/sloth-run/repo && ( export GIT_ASKPASS="/bin/echo" GIT_SSH="/tmp/sloth-run/git-ssh.sh" ; /usr/bin/env git rev-list --max-count=1 master )
 DEBUG [e749ed06] 	0d67f485fb5df46df80de4aee8379d2d2525be92
 DEBUG [e749ed06] Finished in 0.046 seconds with exit status 0 (successful).
 DEBUG [52336981] Running if test ! -d ~/apps/sloth-run/releases/20160607210752; then echo "Directory does not exist '~/apps/sloth-run/releases/20160607210752'" 1>&2; false; fi as deploy@sloth.run
 DEBUG [52336981] Command: if test ! -d ~/apps/sloth-run/releases/20160607210752; then echo "Directory does not exist '~/apps/sloth-run/releases/20160607210752'" 1>&2; false; fi
 DEBUG [52336981] Finished in 0.042 seconds with exit status 0 (successful).
  INFO [c20701ac] Running /usr/bin/env echo "0d67f485fb5df46df80de4aee8379d2d2525be92" >> REVISION as deploy@sloth.run
 DEBUG [c20701ac] Command: cd ~/apps/sloth-run/releases/20160607210752 && /usr/bin/env echo "0d67f485fb5df46df80de4aee8379d2d2525be92" >> REVISION
  INFO [c20701ac] Finished in 0.044 seconds with exit status 0 (successful).
  INFO [973ffd03] Running /usr/bin/env mkdir -p ~/apps/sloth-run/releases/20160607210752 as deploy@sloth.run
 DEBUG [973ffd03] Command: /usr/bin/env mkdir -p ~/apps/sloth-run/releases/20160607210752
  INFO [973ffd03] Finished in 0.054 seconds with exit status 0 (successful).
 DEBUG [9a63d1de] Running [ -L ~/apps/sloth-run/releases/20160607210752/tmp ] as deploy@sloth.run
 DEBUG [9a63d1de] Command: [ -L ~/apps/sloth-run/releases/20160607210752/tmp ]
 DEBUG [9a63d1de] Finished in 0.068 seconds with exit status 1 (failed).
 DEBUG [63631b56] Running [ -d ~/apps/sloth-run/releases/20160607210752/tmp ] as deploy@sloth.run
 DEBUG [63631b56] Command: [ -d ~/apps/sloth-run/releases/20160607210752/tmp ]
 DEBUG [63631b56] Finished in 0.044 seconds with exit status 1 (failed).
  INFO [08c14c60] Running /usr/bin/env ln -s ~/apps/sloth-run/shared/tmp ~/apps/sloth-run/releases/20160607210752/tmp as deploy@sloth.run
 DEBUG [08c14c60] Command: /usr/bin/env ln -s ~/apps/sloth-run/shared/tmp ~/apps/sloth-run/releases/20160607210752/tmp
  INFO [08c14c60] Finished in 0.044 seconds with exit status 0 (successful).
 DEBUG [aff003ab] Running [ -L ~/apps/sloth-run/releases/20160607210752/log ] as deploy@sloth.run
 DEBUG [aff003ab] Command: [ -L ~/apps/sloth-run/releases/20160607210752/log ]
 DEBUG [aff003ab] Finished in 0.045 seconds with exit status 1 (failed).
 DEBUG [10c1c506] Running [ -d ~/apps/sloth-run/releases/20160607210752/log ] as deploy@sloth.run
 DEBUG [10c1c506] Command: [ -d ~/apps/sloth-run/releases/20160607210752/log ]
 DEBUG [10c1c506] Finished in 0.045 seconds with exit status 1 (failed).
  INFO [b0b04dae] Running /usr/bin/env ln -s ~/apps/sloth-run/shared/log ~/apps/sloth-run/releases/20160607210752/log as deploy@sloth.run
 DEBUG [b0b04dae] Command: /usr/bin/env ln -s ~/apps/sloth-run/shared/log ~/apps/sloth-run/releases/20160607210752/log
  INFO [b0b04dae] Finished in 0.046 seconds with exit status 0 (successful).
 DEBUG [0b54cace] Running if test ! -d ~/apps/sloth-run/releases/20160607210752; then echo "Directory does not exist '~/apps/sloth-run/releases/20160607210752'" 1>&2; false; fi as deploy@sloth.run
 DEBUG [0b54cace] Command: if test ! -d ~/apps/sloth-run/releases/20160607210752; then echo "Directory does not exist '~/apps/sloth-run/releases/20160607210752'" 1>&2; false; fi
 DEBUG [0b54cace] Finished in 0.043 seconds with exit status 0 (successful).
  INFO [18acf572] Running ~/.rvm/bin/rvm default do bundle install --path ~/apps/sloth-run/shared/bundle --without development test --deployment --quiet as deploy@sloth.run
 DEBUG [18acf572] Command: cd ~/apps/sloth-run/releases/20160607210752 && ~/.rvm/bin/rvm default do bundle install --path ~/apps/sloth-run/shared/bundle --without development test --deployment --quiet
 DEBUG [18acf572] 	/home/deploy/.rvm/scripts/set: line 19: exec: bundle: not found
  INFO ---------------------------------------------------------------------------
  INFO START 2016-06-07 16:08:18 -0500 cap production deploy
  INFO ---------------------------------------------------------------------------
 DEBUG [138c18f4] Running [ -d ~/.rvm ] as deploy@sloth.run
 DEBUG [138c18f4] Command: [ -d ~/.rvm ]
 DEBUG [138c18f4] Finished in 0.357 seconds with exit status 0 (successful).
 DEBUG [bec5b456] Running ~/.rvm/bin/rvm version as deploy@sloth.run
 DEBUG [bec5b456] Command: ~/.rvm/bin/rvm version
 DEBUG [bec5b456] 	rvm 1.27.0 (latest) by Wayne E. Seguin <wayneeseguin@gmail.com>, Michal Papis <mpapis@gmail.com> [https://rvm.io/]
 DEBUG [bec5b456] Finished in 0.247 seconds with exit status 0 (successful).
 DEBUG [bd0d1cda] Running ~/.rvm/bin/rvm current as deploy@sloth.run
 DEBUG [bd0d1cda] Command: ~/.rvm/bin/rvm current
 DEBUG [bd0d1cda] 	ruby-2.3.0
 DEBUG [bd0d1cda] Finished in 0.229 seconds with exit status 0 (successful).
 DEBUG [05af5242] Running ~/.rvm/bin/rvm default do ruby --version as deploy@sloth.run
 DEBUG [05af5242] Command: ~/.rvm/bin/rvm default do ruby --version
 DEBUG [05af5242] 	ruby 2.3.0p0 (2015-12-25 revision 53290) [x86_64-linux]
 DEBUG [05af5242] Finished in 0.383 seconds with exit status 0 (successful).
  INFO [6c5515d4] Running /usr/bin/env mkdir -p /tmp/sloth-run/ as deploy@sloth.run
 DEBUG [6c5515d4] Command: /usr/bin/env mkdir -p /tmp/sloth-run/
  INFO [6c5515d4] Finished in 0.044 seconds with exit status 0 (successful).
 DEBUG Uploading /tmp/sloth-run/git-ssh.sh 0.0%
  INFO Uploading /tmp/sloth-run/git-ssh.sh 100.0%
  INFO [704ecb9a] Running /usr/bin/env chmod +rx /tmp/sloth-run/git-ssh.sh as deploy@sloth.run
 DEBUG [704ecb9a] Command: /usr/bin/env chmod +rx /tmp/sloth-run/git-ssh.sh
  INFO [704ecb9a] Finished in 0.044 seconds with exit status 0 (successful).
  INFO [2816a342] Running /usr/bin/env git ls-remote --heads git@github.com:evanrblack/sloth-run.git as deploy@sloth.run
 DEBUG [2816a342] Command: ( export GIT_ASKPASS="/bin/echo" GIT_SSH="/tmp/sloth-run/git-ssh.sh" ; /usr/bin/env git ls-remote --heads git@github.com:evanrblack/sloth-run.git )
 DEBUG [2816a342] 	0d67f485fb5df46df80de4aee8379d2d2525be92	refs/heads/master
  INFO [2816a342] Finished in 0.636 seconds with exit status 0 (successful).
  INFO [9fd2a600] Running /usr/bin/env mkdir -p ~/apps/sloth-run/shared ~/apps/sloth-run/releases as deploy@sloth.run
 DEBUG [9fd2a600] Command: /usr/bin/env mkdir -p ~/apps/sloth-run/shared ~/apps/sloth-run/releases
  INFO [9fd2a600] Finished in 0.048 seconds with exit status 0 (successful).
  INFO [6706b101] Running /usr/bin/env mkdir -p ~/apps/sloth-run/shared/tmp ~/apps/sloth-run/shared/log as deploy@sloth.run
 DEBUG [6706b101] Command: /usr/bin/env mkdir -p ~/apps/sloth-run/shared/tmp ~/apps/sloth-run/shared/log
  INFO [6706b101] Finished in 0.047 seconds with exit status 0 (successful).
 DEBUG [9a7fe98e] Running [ -f ~/apps/sloth-run/current/REVISION ] as deploy@sloth.run
 DEBUG [9a7fe98e] Command: [ -f ~/apps/sloth-run/current/REVISION ]
 DEBUG [9a7fe98e] Finished in 0.043 seconds with exit status 0 (successful).
 DEBUG [53a9be46] Running /usr/bin/env cat ~/apps/sloth-run/current/REVISION 2>/dev/null as deploy@sloth.run
 DEBUG [53a9be46] Command: /usr/bin/env cat ~/apps/sloth-run/current/REVISION 2>/dev/null
 DEBUG [53a9be46] 	0d67f48
 DEBUG [53a9be46] Finished in 0.044 seconds with exit status 0 (successful).
 DEBUG [f503b265] Running [ -f ~/apps/sloth-run/repo/HEAD ] as deploy@sloth.run
 DEBUG [f503b265] Command: [ -f ~/apps/sloth-run/repo/HEAD ]
 DEBUG [f503b265] Finished in 0.044 seconds with exit status 0 (successful).
  INFO The repository mirror is at ~/apps/sloth-run/repo
 DEBUG [f68b1773] Running if test ! -d ~/apps/sloth-run/repo; then echo "Directory does not exist '~/apps/sloth-run/repo'" 1>&2; false; fi as deploy@sloth.run
 DEBUG [f68b1773] Command: if test ! -d ~/apps/sloth-run/repo; then echo "Directory does not exist '~/apps/sloth-run/repo'" 1>&2; false; fi
 DEBUG [f68b1773] Finished in 0.045 seconds with exit status 0 (successful).
  INFO [3d07440c] Running /usr/bin/env git remote update --prune as deploy@sloth.run
 DEBUG [3d07440c] Command: cd ~/apps/sloth-run/repo && ( export GIT_ASKPASS="/bin/echo" GIT_SSH="/tmp/sloth-run/git-ssh.sh" ; /usr/bin/env git remote update --prune )
 DEBUG [3d07440c] 	Fetching origin
  INFO [3d07440c] Finished in 0.642 seconds with exit status 0 (successful).
 DEBUG [144dd590] Running if test ! -d ~/apps/sloth-run/repo; then echo "Directory does not exist '~/apps/sloth-run/repo'" 1>&2; false; fi as deploy@sloth.run
 DEBUG [144dd590] Command: if test ! -d ~/apps/sloth-run/repo; then echo "Directory does not exist '~/apps/sloth-run/repo'" 1>&2; false; fi
 DEBUG [144dd590] Finished in 0.050 seconds with exit status 0 (successful).
  INFO [b9d559e7] Running /usr/bin/env mkdir -p ~/apps/sloth-run/releases/20160607210821 as deploy@sloth.run
 DEBUG [b9d559e7] Command: cd ~/apps/sloth-run/repo && ( export GIT_ASKPASS="/bin/echo" GIT_SSH="/tmp/sloth-run/git-ssh.sh" ; /usr/bin/env mkdir -p ~/apps/sloth-run/releases/20160607210821 )
  INFO [b9d559e7] Finished in 0.046 seconds with exit status 0 (successful).
  INFO [0bb9db9a] Running /usr/bin/env git archive master | tar -x -f - -C ~/apps/sloth-run/releases/20160607210821 as deploy@sloth.run
 DEBUG [0bb9db9a] Command: cd ~/apps/sloth-run/repo && ( export GIT_ASKPASS="/bin/echo" GIT_SSH="/tmp/sloth-run/git-ssh.sh" ; /usr/bin/env git archive master | tar -x -f - -C ~/apps/sloth-run/releases/20160607210821 )
  INFO [0bb9db9a] Finished in 0.049 seconds with exit status 0 (successful).
 DEBUG [0741a2ee] Running if test ! -d ~/apps/sloth-run/repo; then echo "Directory does not exist '~/apps/sloth-run/repo'" 1>&2; false; fi as deploy@sloth.run
 DEBUG [0741a2ee] Command: if test ! -d ~/apps/sloth-run/repo; then echo "Directory does not exist '~/apps/sloth-run/repo'" 1>&2; false; fi
 DEBUG [0741a2ee] Finished in 0.045 seconds with exit status 0 (successful).
 DEBUG [e5f556b9] Running /usr/bin/env git rev-list --max-count=1 master as deploy@sloth.run
 DEBUG [e5f556b9] Command: cd ~/apps/sloth-run/repo && ( export GIT_ASKPASS="/bin/echo" GIT_SSH="/tmp/sloth-run/git-ssh.sh" ; /usr/bin/env git rev-list --max-count=1 master )
 DEBUG [e5f556b9] 	0d67f485fb5df46df80de4aee8379d2d2525be92
 DEBUG [e5f556b9] Finished in 0.045 seconds with exit status 0 (successful).
 DEBUG [e4b1ebe4] Running if test ! -d ~/apps/sloth-run/releases/20160607210821; then echo "Directory does not exist '~/apps/sloth-run/releases/20160607210821'" 1>&2; false; fi as deploy@sloth.run
 DEBUG [e4b1ebe4] Command: if test ! -d ~/apps/sloth-run/releases/20160607210821; then echo "Directory does not exist '~/apps/sloth-run/releases/20160607210821'" 1>&2; false; fi
 DEBUG [e4b1ebe4] Finished in 0.047 seconds with exit status 0 (successful).
  INFO [1ddf8ad5] Running /usr/bin/env echo "0d67f485fb5df46df80de4aee8379d2d2525be92" >> REVISION as deploy@sloth.run
 DEBUG [1ddf8ad5] Command: cd ~/apps/sloth-run/releases/20160607210821 && /usr/bin/env echo "0d67f485fb5df46df80de4aee8379d2d2525be92" >> REVISION
  INFO [1ddf8ad5] Finished in 0.044 seconds with exit status 0 (successful).
  INFO [b282e30b] Running /usr/bin/env mkdir -p ~/apps/sloth-run/releases/20160607210821 as deploy@sloth.run
 DEBUG [b282e30b] Command: /usr/bin/env mkdir -p ~/apps/sloth-run/releases/20160607210821
  INFO [b282e30b] Finished in 0.045 seconds with exit status 0 (successful).
 DEBUG [92ab92e3] Running [ -L ~/apps/sloth-run/releases/20160607210821/tmp ] as deploy@sloth.run
 DEBUG [92ab92e3] Command: [ -L ~/apps/sloth-run/releases/20160607210821/tmp ]
 DEBUG [92ab92e3] Finished in 0.046 seconds with exit status 1 (failed).
 DEBUG [ec6d16f2] Running [ -d ~/apps/sloth-run/releases/20160607210821/tmp ] as deploy@sloth.run
 DEBUG [ec6d16f2] Command: [ -d ~/apps/sloth-run/releases/20160607210821/tmp ]
 DEBUG [ec6d16f2] Finished in 0.043 seconds with exit status 1 (failed).
  INFO [a51dfe13] Running /usr/bin/env ln -s ~/apps/sloth-run/shared/tmp ~/apps/sloth-run/releases/20160607210821/tmp as deploy@sloth.run
 DEBUG [a51dfe13] Command: /usr/bin/env ln -s ~/apps/sloth-run/shared/tmp ~/apps/sloth-run/releases/20160607210821/tmp
  INFO [a51dfe13] Finished in 0.050 seconds with exit status 0 (successful).
 DEBUG [26e5bf30] Running [ -L ~/apps/sloth-run/releases/20160607210821/log ] as deploy@sloth.run
 DEBUG [26e5bf30] Command: [ -L ~/apps/sloth-run/releases/20160607210821/log ]
 DEBUG [26e5bf30] Finished in 0.043 seconds with exit status 1 (failed).
 DEBUG [3d005cbe] Running [ -d ~/apps/sloth-run/releases/20160607210821/log ] as deploy@sloth.run
 DEBUG [3d005cbe] Command: [ -d ~/apps/sloth-run/releases/20160607210821/log ]
 DEBUG [3d005cbe] Finished in 0.046 seconds with exit status 1 (failed).
  INFO [68cb8625] Running /usr/bin/env ln -s ~/apps/sloth-run/shared/log ~/apps/sloth-run/releases/20160607210821/log as deploy@sloth.run
 DEBUG [68cb8625] Command: /usr/bin/env ln -s ~/apps/sloth-run/shared/log ~/apps/sloth-run/releases/20160607210821/log
  INFO [68cb8625] Finished in 0.044 seconds with exit status 0 (successful).
 DEBUG [89276301] Running if test ! -d ~/apps/sloth-run/releases/20160607210821; then echo "Directory does not exist '~/apps/sloth-run/releases/20160607210821'" 1>&2; false; fi as deploy@sloth.run
 DEBUG [89276301] Command: if test ! -d ~/apps/sloth-run/releases/20160607210821; then echo "Directory does not exist '~/apps/sloth-run/releases/20160607210821'" 1>&2; false; fi
 DEBUG [89276301] Finished in 0.043 seconds with exit status 0 (successful).
  INFO [024e9941] Running ~/.rvm/bin/rvm default do bundle install --path ~/apps/sloth-run/shared/bundle --without development test --deployment --quiet as deploy@sloth.run
 DEBUG [024e9941] Command: cd ~/apps/sloth-run/releases/20160607210821 && ~/.rvm/bin/rvm default do bundle install --path ~/apps/sloth-run/shared/bundle --without development test --deployment --quiet
 DEBUG [024e9941] 	You are trying to install in deployment mode after changing
your Gemfile. Run `bundle install` elsewhere and add the
updated Gemfile.lock to version control.

You have added to the Gemfile:
* streamio-ffmpeg
* capistrano-thin
  INFO ---------------------------------------------------------------------------
  INFO START 2016-06-07 16:09:26 -0500 cap production deploy
  INFO ---------------------------------------------------------------------------
 DEBUG [a1fb7767] Running [ -d ~/.rvm ] as deploy@sloth.run
 DEBUG [a1fb7767] Command: [ -d ~/.rvm ]
 DEBUG [a1fb7767] Finished in 0.394 seconds with exit status 0 (successful).
 DEBUG [14e0158c] Running ~/.rvm/bin/rvm version as deploy@sloth.run
 DEBUG [14e0158c] Command: ~/.rvm/bin/rvm version
 DEBUG [14e0158c] 	rvm 1.27.0 (latest) by Wayne E. Seguin <wayneeseguin@gmail.com>, Michal Papis <mpapis@gmail.com> [https://rvm.io/]
 DEBUG [14e0158c] Finished in 0.265 seconds with exit status 0 (successful).
 DEBUG [8fc1ec3d] Running ~/.rvm/bin/rvm current as deploy@sloth.run
 DEBUG [8fc1ec3d] Command: ~/.rvm/bin/rvm current
 DEBUG [8fc1ec3d] 	ruby-2.3.0
 DEBUG [8fc1ec3d] Finished in 0.251 seconds with exit status 0 (successful).
 DEBUG [4439d647] Running ~/.rvm/bin/rvm default do ruby --version as deploy@sloth.run
 DEBUG [4439d647] Command: ~/.rvm/bin/rvm default do ruby --version
 DEBUG [4439d647] 	ruby 2.3.0p0 (2015-12-25 revision 53290) [x86_64-linux]
 DEBUG [4439d647] Finished in 0.390 seconds with exit status 0 (successful).
  INFO [83dfb237] Running /usr/bin/env mkdir -p /tmp/sloth-run/ as deploy@sloth.run
 DEBUG [83dfb237] Command: /usr/bin/env mkdir -p /tmp/sloth-run/
  INFO [83dfb237] Finished in 0.045 seconds with exit status 0 (successful).
 DEBUG Uploading /tmp/sloth-run/git-ssh.sh 0.0%
  INFO Uploading /tmp/sloth-run/git-ssh.sh 100.0%
  INFO [4fe07883] Running /usr/bin/env chmod +rx /tmp/sloth-run/git-ssh.sh as deploy@sloth.run
 DEBUG [4fe07883] Command: /usr/bin/env chmod +rx /tmp/sloth-run/git-ssh.sh
  INFO [4fe07883] Finished in 0.047 seconds with exit status 0 (successful).
  INFO [6e4b7ce2] Running /usr/bin/env git ls-remote --heads git@github.com:evanrblack/sloth-run.git as deploy@sloth.run
 DEBUG [6e4b7ce2] Command: ( export GIT_ASKPASS="/bin/echo" GIT_SSH="/tmp/sloth-run/git-ssh.sh" ; /usr/bin/env git ls-remote --heads git@github.com:evanrblack/sloth-run.git )
 DEBUG [6e4b7ce2] 	80ca40f2ddb5311d4708ae9f80a59a3efac9139f	refs/heads/master
  INFO [6e4b7ce2] Finished in 0.628 seconds with exit status 0 (successful).
  INFO [287578ef] Running /usr/bin/env mkdir -p ~/apps/sloth-run/shared ~/apps/sloth-run/releases as deploy@sloth.run
 DEBUG [287578ef] Command: /usr/bin/env mkdir -p ~/apps/sloth-run/shared ~/apps/sloth-run/releases
  INFO [287578ef] Finished in 0.045 seconds with exit status 0 (successful).
  INFO [7cdd222a] Running /usr/bin/env mkdir -p ~/apps/sloth-run/shared/tmp ~/apps/sloth-run/shared/log as deploy@sloth.run
 DEBUG [7cdd222a] Command: /usr/bin/env mkdir -p ~/apps/sloth-run/shared/tmp ~/apps/sloth-run/shared/log
  INFO [7cdd222a] Finished in 0.044 seconds with exit status 0 (successful).
 DEBUG [a6cbce0a] Running [ -f ~/apps/sloth-run/current/REVISION ] as deploy@sloth.run
 DEBUG [a6cbce0a] Command: [ -f ~/apps/sloth-run/current/REVISION ]
 DEBUG [a6cbce0a] Finished in 0.044 seconds with exit status 0 (successful).
 DEBUG [fff12912] Running /usr/bin/env cat ~/apps/sloth-run/current/REVISION 2>/dev/null as deploy@sloth.run
 DEBUG [fff12912] Command: /usr/bin/env cat ~/apps/sloth-run/current/REVISION 2>/dev/null
 DEBUG [fff12912] 	0d67f48
 DEBUG [fff12912] Finished in 0.044 seconds with exit status 0 (successful).
 DEBUG [1bd72159] Running [ -f ~/apps/sloth-run/repo/HEAD ] as deploy@sloth.run
 DEBUG [1bd72159] Command: [ -f ~/apps/sloth-run/repo/HEAD ]
 DEBUG [1bd72159] Finished in 0.042 seconds with exit status 0 (successful).
  INFO The repository mirror is at ~/apps/sloth-run/repo
 DEBUG [cbd66831] Running if test ! -d ~/apps/sloth-run/repo; then echo "Directory does not exist '~/apps/sloth-run/repo'" 1>&2; false; fi as deploy@sloth.run
 DEBUG [cbd66831] Command: if test ! -d ~/apps/sloth-run/repo; then echo "Directory does not exist '~/apps/sloth-run/repo'" 1>&2; false; fi
 DEBUG [cbd66831] Finished in 0.043 seconds with exit status 0 (successful).
  INFO [cca13f8e] Running /usr/bin/env git remote update --prune as deploy@sloth.run
 DEBUG [cca13f8e] Command: cd ~/apps/sloth-run/repo && ( export GIT_ASKPASS="/bin/echo" GIT_SSH="/tmp/sloth-run/git-ssh.sh" ; /usr/bin/env git remote update --prune )
 DEBUG [cca13f8e] 	Fetching origin
 DEBUG [cca13f8e] 	Warning: Permanently added the RSA host key for IP address '192.30.252.129' to the list of known hosts.
 DEBUG [cca13f8e] 	From github.com:evanrblack/sloth-run
   0d67f48..80ca40f  master     -> master
  INFO [cca13f8e] Finished in 0.728 seconds with exit status 0 (successful).
 DEBUG [12183b0f] Running if test ! -d ~/apps/sloth-run/repo; then echo "Directory does not exist '~/apps/sloth-run/repo'" 1>&2; false; fi as deploy@sloth.run
 DEBUG [12183b0f] Command: if test ! -d ~/apps/sloth-run/repo; then echo "Directory does not exist '~/apps/sloth-run/repo'" 1>&2; false; fi
 DEBUG [12183b0f] Finished in 0.046 seconds with exit status 0 (successful).
  INFO [d9d997a1] Running /usr/bin/env mkdir -p ~/apps/sloth-run/releases/20160607210929 as deploy@sloth.run
 DEBUG [d9d997a1] Command: cd ~/apps/sloth-run/repo && ( export GIT_ASKPASS="/bin/echo" GIT_SSH="/tmp/sloth-run/git-ssh.sh" ; /usr/bin/env mkdir -p ~/apps/sloth-run/releases/20160607210929 )
  INFO [d9d997a1] Finished in 0.052 seconds with exit status 0 (successful).
  INFO [addce632] Running /usr/bin/env git archive master | tar -x -f - -C ~/apps/sloth-run/releases/20160607210929 as deploy@sloth.run
 DEBUG [addce632] Command: cd ~/apps/sloth-run/repo && ( export GIT_ASKPASS="/bin/echo" GIT_SSH="/tmp/sloth-run/git-ssh.sh" ; /usr/bin/env git archive master | tar -x -f - -C ~/apps/sloth-run/releases/20160607210929 )
 DEBUG [addce632] 	tar: .gitignore: time stamp 2016-06-07 17:09:13 is 15.566218836 s in the future
 DEBUG [addce632] 	tar: Capfile: time stamp 2016-06-07 17:09:13 is 15.566088151 s in the future
 DEBUG [addce632] 	tar: Gemfile: time stamp 2016-06-07 17:09:13 is 15.566009352 s in the future
 DEBUG [addce632] 	tar: Gemfile.lock: time stamp 2016-06-07 17:09:13 is 15.565958646 s in the future
 DEBUG [addce632] 	tar: Rakefile: time stamp 2016-06-07 17:09:13 is 15.565927321 s in the future
 DEBUG [addce632] 	tar: app.rb: time stamp 2016-06-07 17:09:13 is 15.565891082 s in the future
 DEBUG [addce632] 	tar: config.ru: time stamp 2016-06-07 17:09:13 is 15.565860224 s in the future
 DEBUG [addce632] 	tar: config/deploy.rb: time stamp 2016-06-07 17:09:13 is 15.565783389 s in the future
 DEBUG [addce632] 	tar: config/deploy/production.rb: time stamp 2016-06-07 17:09:13 is 15.565713275 s in the future
 DEBUG [addce632] 	tar: config/deploy/staging.rb: time stamp 2016-06-07 17:09:13 is 15.565677687 s in the future
 DEBUG [addce632] 	tar: config/deploy: time stamp 2016-06-07 17:09:13 is 15.565650438 s in the future
 DEBUG [addce632] 	tar: config/thin/production.yml: time stamp 2016-06-07 17:09:13 is 15.565597307 s in the future
 DEBUG [addce632] 	tar: config/thin: time stamp 2016-06-07 17:09:13 is 15.56557573 s in the future
tar: config: time stamp 2016-06-07 17:09:13 is 15.565567093 s in the future
 DEBUG [addce632] 	tar: log/capistrano.log: time stamp 2016-06-07 17:09:13 is 15.565486981 s in the future
 DEBUG [addce632] 	tar: log: time stamp 2016-06-07 17:09:13 is 15.56546644 s in the future
 DEBUG [addce632] 	tar: post.rb: time stamp 2016-06-07 17:09:13 is 15.565434128 s in the future
 DEBUG [addce632] 	tar: public/images/audio.png: time stamp 2016-06-07 17:09:13 is 15.565355766 s in the future
 DEBUG [addce632] 	tar: public/images/video.png: time stamp 2016-06-07 17:09:13 is 15.565320478 s in the future
 DEBUG [addce632] 	tar: public/images: time stamp 2016-06-07 17:09:13 is 15.565301056 s in the future
 DEBUG [addce632] 	tar: public/stylesheets/main.css: time stamp 2016-06-07 17:09:13 is 15.565230838 s in the future
 DEBUG [addce632] 	tar: public/stylesheets: time stamp 2016-06-07 17:09:13 is 15.565208376 s in the future
 DEBUG [addce632] 	tar: public: time stamp 2016-06-07 17:09:13 is 15.565192616 s in the future
 DEBUG [addce632] 	tar: views/index.haml: time stamp 2016-06-07 17:09:13 is 15.565144632 s in the future
 DEBUG [addce632] 	tar: views/layout.haml: time stamp 2016-06-07 17:09:13 is 15.565112512 s in the future
 DEBUG [addce632] 	tar: 
 DEBUG [addce632] 	views/post.haml: time stamp 2016-06-07 17:09:13 is 15.565076883 s in the future
 DEBUG [addce632] 	tar: views: time stamp 2016-06-07 17:09:13 is 15.56505048 s in the future
  INFO [addce632] Finished in 0.076 seconds with exit status 0 (successful).
 DEBUG [85850642] Running if test ! -d ~/apps/sloth-run/repo; then echo "Directory does not exist '~/apps/sloth-run/repo'" 1>&2; false; fi as deploy@sloth.run
 DEBUG [85850642] Command: if test ! -d ~/apps/sloth-run/repo; then echo "Directory does not exist '~/apps/sloth-run/repo'" 1>&2; false; fi
 DEBUG [85850642] Finished in 0.046 seconds with exit status 0 (successful).
 DEBUG [f5388d51] Running /usr/bin/env git rev-list --max-count=1 master as deploy@sloth.run
 DEBUG [f5388d51] Command: cd ~/apps/sloth-run/repo && ( export GIT_ASKPASS="/bin/echo" GIT_SSH="/tmp/sloth-run/git-ssh.sh" ; /usr/bin/env git rev-list --max-count=1 master )
 DEBUG [f5388d51] 	80ca40f2ddb5311d4708ae9f80a59a3efac9139f
 DEBUG [f5388d51] Finished in 0.046 seconds with exit status 0 (successful).
 DEBUG [0f23eeca] Running if test ! -d ~/apps/sloth-run/releases/20160607210929; then echo "Directory does not exist '~/apps/sloth-run/releases/20160607210929'" 1>&2; false; fi as deploy@sloth.run
 DEBUG [0f23eeca] Command: if test ! -d ~/apps/sloth-run/releases/20160607210929; then echo "Directory does not exist '~/apps/sloth-run/releases/20160607210929'" 1>&2; false; fi
 DEBUG [0f23eeca] Finished in 0.042 seconds with exit status 0 (successful).
  INFO [62552a41] Running /usr/bin/env echo "80ca40f2ddb5311d4708ae9f80a59a3efac9139f" >> REVISION as deploy@sloth.run
 DEBUG [62552a41] Command: cd ~/apps/sloth-run/releases/20160607210929 && /usr/bin/env echo "80ca40f2ddb5311d4708ae9f80a59a3efac9139f" >> REVISION
  INFO [62552a41] Finished in 0.044 seconds with exit status 0 (successful).
  INFO [3178acfb] Running /usr/bin/env mkdir -p ~/apps/sloth-run/releases/20160607210929 as deploy@sloth.run
 DEBUG [3178acfb] Command: /usr/bin/env mkdir -p ~/apps/sloth-run/releases/20160607210929
  INFO [3178acfb] Finished in 0.044 seconds with exit status 0 (successful).
 DEBUG [7ec69a87] Running [ -L ~/apps/sloth-run/releases/20160607210929/tmp ] as deploy@sloth.run
 DEBUG [7ec69a87] Command: [ -L ~/apps/sloth-run/releases/20160607210929/tmp ]
 DEBUG [7ec69a87] Finished in 0.048 seconds with exit status 1 (failed).
 DEBUG [7b826f4b] Running [ -d ~/apps/sloth-run/releases/20160607210929/tmp ] as deploy@sloth.run
 DEBUG [7b826f4b] Command: [ -d ~/apps/sloth-run/releases/20160607210929/tmp ]
 DEBUG [7b826f4b] Finished in 0.045 seconds with exit status 1 (failed).
  INFO [c82c4939] Running /usr/bin/env ln -s ~/apps/sloth-run/shared/tmp ~/apps/sloth-run/releases/20160607210929/tmp as deploy@sloth.run
 DEBUG [c82c4939] Command: /usr/bin/env ln -s ~/apps/sloth-run/shared/tmp ~/apps/sloth-run/releases/20160607210929/tmp
  INFO [c82c4939] Finished in 0.044 seconds with exit status 0 (successful).
 DEBUG [ef47f568] Running [ -L ~/apps/sloth-run/releases/20160607210929/log ] as deploy@sloth.run
 DEBUG [ef47f568] Command: [ -L ~/apps/sloth-run/releases/20160607210929/log ]
 DEBUG [ef47f568] Finished in 0.042 seconds with exit status 1 (failed).
 DEBUG [a395996b] Running [ -d ~/apps/sloth-run/releases/20160607210929/log ] as deploy@sloth.run
 DEBUG [a395996b] Command: [ -d ~/apps/sloth-run/releases/20160607210929/log ]
 DEBUG [a395996b] Finished in 0.046 seconds with exit status 0 (successful).
  INFO [63cc6516] Running /usr/bin/env rm -rf ~/apps/sloth-run/releases/20160607210929/log as deploy@sloth.run
 DEBUG [63cc6516] Command: /usr/bin/env rm -rf ~/apps/sloth-run/releases/20160607210929/log
  INFO [63cc6516] Finished in 0.047 seconds with exit status 0 (successful).
  INFO [ae09902b] Running /usr/bin/env ln -s ~/apps/sloth-run/shared/log ~/apps/sloth-run/releases/20160607210929/log as deploy@sloth.run
 DEBUG [ae09902b] Command: /usr/bin/env ln -s ~/apps/sloth-run/shared/log ~/apps/sloth-run/releases/20160607210929/log
  INFO [ae09902b] Finished in 0.044 seconds with exit status 0 (successful).
 DEBUG [d48c6f8c] Running if test ! -d ~/apps/sloth-run/releases/20160607210929; then echo "Directory does not exist '~/apps/sloth-run/releases/20160607210929'" 1>&2; false; fi as deploy@sloth.run
 DEBUG [d48c6f8c] Command: if test ! -d ~/apps/sloth-run/releases/20160607210929; then echo "Directory does not exist '~/apps/sloth-run/releases/20160607210929'" 1>&2; false; fi
 DEBUG [d48c6f8c] Finished in 0.044 seconds with exit status 0 (successful).
  INFO [f167e77d] Running ~/.rvm/bin/rvm default do bundle install --path ~/apps/sloth-run/shared/bundle --without development test --deployment --quiet as deploy@sloth.run
 DEBUG [f167e77d] Command: cd ~/apps/sloth-run/releases/20160607210929 && ~/.rvm/bin/rvm default do bundle install --path ~/apps/sloth-run/shared/bundle --without development test --deployment --quiet
 DEBUG [f167e77d] 	You are trying to install in deployment mode after changing
your Gemfile. Run `bundle install` elsewhere and add the
updated Gemfile.lock to version control.

You have added to the Gemfile:
* rake
  INFO ---------------------------------------------------------------------------
  INFO START 2016-06-07 16:10:14 -0500 cap production deploy
  INFO ---------------------------------------------------------------------------
 DEBUG [3fa8a5c5] Running [ -d ~/.rvm ] as deploy@sloth.run
 DEBUG [3fa8a5c5] Command: [ -d ~/.rvm ]
 DEBUG [3fa8a5c5] Finished in 0.393 seconds with exit status 0 (successful).
 DEBUG [2891782d] Running ~/.rvm/bin/rvm version as deploy@sloth.run
 DEBUG [2891782d] Command: ~/.rvm/bin/rvm version
 DEBUG [2891782d] 	rvm 1.27.0 (latest) by Wayne E. Seguin <wayneeseguin@gmail.com>, Michal Papis <mpapis@gmail.com> [https://rvm.io/]
 DEBUG [2891782d] Finished in 0.242 seconds with exit status 0 (successful).
 DEBUG [7fd8e460] Running ~/.rvm/bin/rvm current as deploy@sloth.run
 DEBUG [7fd8e460] Command: ~/.rvm/bin/rvm current
 DEBUG [7fd8e460] 	ruby-2.3.0
 DEBUG [7fd8e460] Finished in 0.242 seconds with exit status 0 (successful).
 DEBUG [cb25632c] Running ~/.rvm/bin/rvm default do ruby --version as deploy@sloth.run
 DEBUG [cb25632c] Command: ~/.rvm/bin/rvm default do ruby --version
 DEBUG [cb25632c] 	ruby 2.3.0p0 (2015-12-25 revision 53290) [x86_64-linux]
 DEBUG [cb25632c] Finished in 0.403 seconds with exit status 0 (successful).
  INFO [c27af13f] Running /usr/bin/env mkdir -p /tmp/sloth-run/ as deploy@sloth.run
 DEBUG [c27af13f] Command: /usr/bin/env mkdir -p /tmp/sloth-run/
  INFO [c27af13f] Finished in 0.044 seconds with exit status 0 (successful).
 DEBUG Uploading /tmp/sloth-run/git-ssh.sh 0.0%
  INFO Uploading /tmp/sloth-run/git-ssh.sh 100.0%
  INFO [8c743141] Running /usr/bin/env chmod +rx /tmp/sloth-run/git-ssh.sh as deploy@sloth.run
 DEBUG [8c743141] Command: /usr/bin/env chmod +rx /tmp/sloth-run/git-ssh.sh
  INFO [8c743141] Finished in 0.044 seconds with exit status 0 (successful).
  INFO [ca424515] Running /usr/bin/env git ls-remote --heads git@github.com:evanrblack/sloth-run.git as deploy@sloth.run
 DEBUG [ca424515] Command: ( export GIT_ASKPASS="/bin/echo" GIT_SSH="/tmp/sloth-run/git-ssh.sh" ; /usr/bin/env git ls-remote --heads git@github.com:evanrblack/sloth-run.git )
 DEBUG [ca424515] 	b2ba92065697f3198047733c9d8fd29a0f7a4225	refs/heads/master
  INFO [ca424515] Finished in 0.630 seconds with exit status 0 (successful).
  INFO [bb0867a6] Running /usr/bin/env mkdir -p ~/apps/sloth-run/shared ~/apps/sloth-run/releases as deploy@sloth.run
 DEBUG [bb0867a6] Command: /usr/bin/env mkdir -p ~/apps/sloth-run/shared ~/apps/sloth-run/releases
  INFO [bb0867a6] Finished in 0.045 seconds with exit status 0 (successful).
  INFO [6a86ccd7] Running /usr/bin/env mkdir -p ~/apps/sloth-run/shared/tmp ~/apps/sloth-run/shared/log as deploy@sloth.run
 DEBUG [6a86ccd7] Command: /usr/bin/env mkdir -p ~/apps/sloth-run/shared/tmp ~/apps/sloth-run/shared/log
  INFO [6a86ccd7] Finished in 0.044 seconds with exit status 0 (successful).
 DEBUG [219eb467] Running [ -f ~/apps/sloth-run/current/REVISION ] as deploy@sloth.run
 DEBUG [219eb467] Command: [ -f ~/apps/sloth-run/current/REVISION ]
 DEBUG [219eb467] Finished in 0.043 seconds with exit status 0 (successful).
 DEBUG [bea9bdd7] Running /usr/bin/env cat ~/apps/sloth-run/current/REVISION 2>/dev/null as deploy@sloth.run
 DEBUG [bea9bdd7] Command: /usr/bin/env cat ~/apps/sloth-run/current/REVISION 2>/dev/null
 DEBUG [bea9bdd7] 	0d67f48
 DEBUG [bea9bdd7] Finished in 0.044 seconds with exit status 0 (successful).
 DEBUG [e07dc76f] Running [ -f ~/apps/sloth-run/repo/HEAD ] as deploy@sloth.run
 DEBUG [e07dc76f] Command: [ -f ~/apps/sloth-run/repo/HEAD ]
 DEBUG [e07dc76f] Finished in 0.046 seconds with exit status 0 (successful).
  INFO The repository mirror is at ~/apps/sloth-run/repo
 DEBUG [3f47b5cc] Running if test ! -d ~/apps/sloth-run/repo; then echo "Directory does not exist '~/apps/sloth-run/repo'" 1>&2; false; fi as deploy@sloth.run
 DEBUG [3f47b5cc] Command: if test ! -d ~/apps/sloth-run/repo; then echo "Directory does not exist '~/apps/sloth-run/repo'" 1>&2; false; fi
 DEBUG [3f47b5cc] Finished in 0.047 seconds with exit status 0 (successful).
  INFO [5a68f50a] Running /usr/bin/env git remote update --prune as deploy@sloth.run
 DEBUG [5a68f50a] Command: cd ~/apps/sloth-run/repo && ( export GIT_ASKPASS="/bin/echo" GIT_SSH="/tmp/sloth-run/git-ssh.sh" ; /usr/bin/env git remote update --prune )
 DEBUG [5a68f50a] 	Fetching origin
 DEBUG [5a68f50a] 	From github.com:evanrblack/sloth-run
   80ca40f..b2ba920  master     -> master
  INFO [5a68f50a] Finished in 0.700 seconds with exit status 0 (successful).
 DEBUG [4b632a5c] Running if test ! -d ~/apps/sloth-run/repo; then echo "Directory does not exist '~/apps/sloth-run/repo'" 1>&2; false; fi as deploy@sloth.run
 DEBUG [4b632a5c] Command: if test ! -d ~/apps/sloth-run/repo; then echo "Directory does not exist '~/apps/sloth-run/repo'" 1>&2; false; fi
 DEBUG [4b632a5c] Finished in 0.043 seconds with exit status 0 (successful).
  INFO [44d0bd2f] Running /usr/bin/env mkdir -p ~/apps/sloth-run/releases/20160607211016 as deploy@sloth.run
 DEBUG [44d0bd2f] Command: cd ~/apps/sloth-run/repo && ( export GIT_ASKPASS="/bin/echo" GIT_SSH="/tmp/sloth-run/git-ssh.sh" ; /usr/bin/env mkdir -p ~/apps/sloth-run/releases/20160607211016 )
  INFO [44d0bd2f] Finished in 0.048 seconds with exit status 0 (successful).
  INFO [7e0b321b] Running /usr/bin/env git archive master | tar -x -f - -C ~/apps/sloth-run/releases/20160607211016 as deploy@sloth.run
 DEBUG [7e0b321b] Command: cd ~/apps/sloth-run/repo && ( export GIT_ASKPASS="/bin/echo" GIT_SSH="/tmp/sloth-run/git-ssh.sh" ; /usr/bin/env git archive master | tar -x -f - -C ~/apps/sloth-run/releases/20160607211016 )
 DEBUG [7e0b321b] 	tar: .gitignore: time stamp 2016-06-07 17:09:59 is 14.082343891 s in the future
tar: Capfile: time stamp 2016-06-07 17:09:59 is 14.082255219 s in the future
tar: Gemfile: time stamp 2016-06-07 17:09:59 is 14.082224221 s in the future
tar: Gemfile.lock: time stamp 2016-06-07 17:09:59 is 14.082196806 s in the future
tar: Rakefile: time stamp 2016-06-07 17:09:59 is 14.082178296 s in the future
tar: app.rb: time stamp 2016-06-07 17:09:59 is 14.082154307 s in the future
tar: config.ru: time stamp 2016-06-07 17:09:59 is 14.082131436 s in the future
 DEBUG [7e0b321b] 	tar: config/deploy.rb: time stamp 2016-06-07 17:09:59 is 14.082057898 s in the future
 DEBUG [7e0b321b] 	tar: config/deploy/production.rb: time stamp 2016-06-07 17:09:59 is 14.082001038 s in the future
tar: config/deploy/staging.rb: time stamp 2016-06-07 17:09:59 is 14.081975084 s in the future
 DEBUG [7e0b321b] 	tar: config/deploy: time stamp 2016-06-07 17:09:59 is 14.081960639 s in the future
 DEBUG [7e0b321b] 	tar: config/thin/production.yml: time stamp 2016-06-07 17:09:59 is 14.081918217 s in the future
tar: config/thin: time stamp 2016-06-07 17:09:59 is 14.081905482 s in the future
tar: config: time stamp 2016-06-07 17:09:59 is 14.081898207 s in the future
 DEBUG [7e0b321b] 	tar: log/capistrano.log: time stamp 2016-06-07 17:09:59 is 14.081798679 s in the future
 DEBUG [7e0b321b] 	tar: log: time stamp 2016-06-07 17:09:59 is 14.081782619 s in the future
tar: post.rb: time stamp 2016-06-07 17:09:59 is 14.081757054 s in the future
 DEBUG [7e0b321b] 	tar: public/images/audio.png: time stamp 2016-06-07 17:09:59 is 14.08169457 s in the future
 DEBUG [7e0b321b] 	tar: public/images/video.png: time stamp 2016-06-07 17:09:59 is 14.081661882 s in the future
 DEBUG [7e0b321b] 	tar: public/images: time stamp 2016-06-07 17:09:59 is 14.081644798 s in the future
 DEBUG [7e0b321b] 	tar: public/stylesheets/main.css: time stamp 2016-06-07 17:09:59 is 14.081599183 s in the future
 DEBUG [7e0b321b] 	tar: public/stylesheets: time stamp 2016-06-07 17:09:59 is 14.081580852 s in the future
 DEBUG [7e0b321b] 	tar: public: time stamp 2016-06-07 17:09:59 is 14.081572945 s in the future
 DEBUG [7e0b321b] 	tar: views/index.haml: time stamp 2016-06-07 17:09:59 is 14.081526516 s in the future
 DEBUG [7e0b321b] 	tar: views/layout.haml: time stamp 2016-06-07 17:09:59 is 14.08149184 s in the future
 DEBUG [7e0b321b] 	tar: views/post.haml: time stamp 2016-06-07 17:09:59 is 14.081462411 s in the future
 DEBUG [7e0b321b] 	tar: views: time stamp 2016-06-07 17:09:59 is 14.081442303 s in the future
  INFO [7e0b321b] Finished in 0.072 seconds with exit status 0 (successful).
 DEBUG [d8efdf9a] Running if test ! -d ~/apps/sloth-run/repo; then echo "Directory does not exist '~/apps/sloth-run/repo'" 1>&2; false; fi as deploy@sloth.run
 DEBUG [d8efdf9a] Command: if test ! -d ~/apps/sloth-run/repo; then echo "Directory does not exist '~/apps/sloth-run/repo'" 1>&2; false; fi
 DEBUG [d8efdf9a] Finished in 0.050 seconds with exit status 0 (successful).
 DEBUG [9907ce78] Running /usr/bin/env git rev-list --max-count=1 master as deploy@sloth.run
 DEBUG [9907ce78] Command: cd ~/apps/sloth-run/repo && ( export GIT_ASKPASS="/bin/echo" GIT_SSH="/tmp/sloth-run/git-ssh.sh" ; /usr/bin/env git rev-list --max-count=1 master )
 DEBUG [9907ce78] 	b2ba92065697f3198047733c9d8fd29a0f7a4225
 DEBUG [9907ce78] Finished in 0.046 seconds with exit status 0 (successful).
 DEBUG [4d2c946f] Running if test ! -d ~/apps/sloth-run/releases/20160607211016; then echo "Directory does not exist '~/apps/sloth-run/releases/20160607211016'" 1>&2; false; fi as deploy@sloth.run
 DEBUG [4d2c946f] Command: if test ! -d ~/apps/sloth-run/releases/20160607211016; then echo "Directory does not exist '~/apps/sloth-run/releases/20160607211016'" 1>&2; false; fi
 DEBUG [4d2c946f] Finished in 0.042 seconds with exit status 0 (successful).
  INFO [818aac94] Running /usr/bin/env echo "b2ba92065697f3198047733c9d8fd29a0f7a4225" >> REVISION as deploy@sloth.run
 DEBUG [818aac94] Command: cd ~/apps/sloth-run/releases/20160607211016 && /usr/bin/env echo "b2ba92065697f3198047733c9d8fd29a0f7a4225" >> REVISION
  INFO [818aac94] Finished in 0.044 seconds with exit status 0 (successful).
  INFO [1b0ec976] Running /usr/bin/env mkdir -p ~/apps/sloth-run/releases/20160607211016 as deploy@sloth.run
 DEBUG [1b0ec976] Command: /usr/bin/env mkdir -p ~/apps/sloth-run/releases/20160607211016
  INFO [1b0ec976] Finished in 0.046 seconds with exit status 0 (successful).
 DEBUG [529f432a] Running [ -L ~/apps/sloth-run/releases/20160607211016/tmp ] as deploy@sloth.run
 DEBUG [529f432a] Command: [ -L ~/apps/sloth-run/releases/20160607211016/tmp ]
 DEBUG [529f432a] Finished in 0.043 seconds with exit status 1 (failed).
 DEBUG [261a1966] Running [ -d ~/apps/sloth-run/releases/20160607211016/tmp ] as deploy@sloth.run
 DEBUG [261a1966] Command: [ -d ~/apps/sloth-run/releases/20160607211016/tmp ]
 DEBUG [261a1966] Finished in 0.042 seconds with exit status 1 (failed).
  INFO [6814ee6d] Running /usr/bin/env ln -s ~/apps/sloth-run/shared/tmp ~/apps/sloth-run/releases/20160607211016/tmp as deploy@sloth.run
 DEBUG [6814ee6d] Command: /usr/bin/env ln -s ~/apps/sloth-run/shared/tmp ~/apps/sloth-run/releases/20160607211016/tmp
  INFO [6814ee6d] Finished in 0.043 seconds with exit status 0 (successful).
 DEBUG [46d68b71] Running [ -L ~/apps/sloth-run/releases/20160607211016/log ] as deploy@sloth.run
 DEBUG [46d68b71] Command: [ -L ~/apps/sloth-run/releases/20160607211016/log ]
 DEBUG [46d68b71] Finished in 0.042 seconds with exit status 1 (failed).
 DEBUG [e3fd0d87] Running [ -d ~/apps/sloth-run/releases/20160607211016/log ] as deploy@sloth.run
 DEBUG [e3fd0d87] Command: [ -d ~/apps/sloth-run/releases/20160607211016/log ]
 DEBUG [e3fd0d87] Finished in 0.042 seconds with exit status 0 (successful).
  INFO [73100779] Running /usr/bin/env rm -rf ~/apps/sloth-run/releases/20160607211016/log as deploy@sloth.run
 DEBUG [73100779] Command: /usr/bin/env rm -rf ~/apps/sloth-run/releases/20160607211016/log
  INFO [73100779] Finished in 0.045 seconds with exit status 0 (successful).
  INFO [baa14b1d] Running /usr/bin/env ln -s ~/apps/sloth-run/shared/log ~/apps/sloth-run/releases/20160607211016/log as deploy@sloth.run
 DEBUG [baa14b1d] Command: /usr/bin/env ln -s ~/apps/sloth-run/shared/log ~/apps/sloth-run/releases/20160607211016/log
  INFO [baa14b1d] Finished in 0.044 seconds with exit status 0 (successful).
 DEBUG [4845db1f] Running if test ! -d ~/apps/sloth-run/releases/20160607211016; then echo "Directory does not exist '~/apps/sloth-run/releases/20160607211016'" 1>&2; false; fi as deploy@sloth.run
 DEBUG [4845db1f] Command: if test ! -d ~/apps/sloth-run/releases/20160607211016; then echo "Directory does not exist '~/apps/sloth-run/releases/20160607211016'" 1>&2; false; fi
 DEBUG [4845db1f] Finished in 0.042 seconds with exit status 0 (successful).
  INFO [3a8d7e02] Running ~/.rvm/bin/rvm default do bundle install --path ~/apps/sloth-run/shared/bundle --without development test --deployment --quiet as deploy@sloth.run
 DEBUG [3a8d7e02] Command: cd ~/apps/sloth-run/releases/20160607211016 && ~/.rvm/bin/rvm default do bundle install --path ~/apps/sloth-run/shared/bundle --without development test --deployment --quiet
 DEBUG [3a8d7e02] 	An error occurred while installing rmagick (2.15.4), and Bundler cannot
continue.
Make sure that `gem install rmagick -v '2.15.4'` succeeds before bundling.
  INFO ---------------------------------------------------------------------------
  INFO START 2016-06-07 16:13:52 -0500 cap production deploy
  INFO ---------------------------------------------------------------------------
 DEBUG [46be4fc2] Running [ -d ~/.rvm ] as deploy@sloth.run
 DEBUG [46be4fc2] Command: [ -d ~/.rvm ]
 DEBUG [46be4fc2] Finished in 0.366 seconds with exit status 0 (successful).
 DEBUG [468269d0] Running ~/.rvm/bin/rvm version as deploy@sloth.run
 DEBUG [468269d0] Command: ~/.rvm/bin/rvm version
 DEBUG [468269d0] 	rvm 1.27.0 (latest) by Wayne E. Seguin <wayneeseguin@gmail.com>, Michal Papis <mpapis@gmail.com> [https://rvm.io/]
 DEBUG [468269d0] Finished in 0.267 seconds with exit status 0 (successful).
 DEBUG [926647eb] Running ~/.rvm/bin/rvm current as deploy@sloth.run
 DEBUG [926647eb] Command: ~/.rvm/bin/rvm current
 DEBUG [926647eb] 	ruby-2.3.0
 DEBUG [926647eb] Finished in 0.245 seconds with exit status 0 (successful).
 DEBUG [876ec08f] Running ~/.rvm/bin/rvm default do ruby --version as deploy@sloth.run
 DEBUG [876ec08f] Command: ~/.rvm/bin/rvm default do ruby --version
 DEBUG [876ec08f] 	ruby 2.3.0p0 (2015-12-25 revision 53290) [x86_64-linux]
 DEBUG [876ec08f] Finished in 0.381 seconds with exit status 0 (successful).
  INFO [05e31f9c] Running /usr/bin/env mkdir -p /tmp/sloth-run/ as deploy@sloth.run
 DEBUG [05e31f9c] Command: /usr/bin/env mkdir -p /tmp/sloth-run/
  INFO [05e31f9c] Finished in 0.045 seconds with exit status 0 (successful).
 DEBUG Uploading /tmp/sloth-run/git-ssh.sh 0.0%
  INFO Uploading /tmp/sloth-run/git-ssh.sh 100.0%
  INFO [aff9feee] Running /usr/bin/env chmod +rx /tmp/sloth-run/git-ssh.sh as deploy@sloth.run
 DEBUG [aff9feee] Command: /usr/bin/env chmod +rx /tmp/sloth-run/git-ssh.sh
  INFO [aff9feee] Finished in 0.044 seconds with exit status 0 (successful).
  INFO [8916ac0b] Running /usr/bin/env git ls-remote --heads git@github.com:evanrblack/sloth-run.git as deploy@sloth.run
 DEBUG [8916ac0b] Command: ( export GIT_ASKPASS="/bin/echo" GIT_SSH="/tmp/sloth-run/git-ssh.sh" ; /usr/bin/env git ls-remote --heads git@github.com:evanrblack/sloth-run.git )
 DEBUG [8916ac0b] 	b2ba92065697f3198047733c9d8fd29a0f7a4225	refs/heads/master
  INFO [8916ac0b] Finished in 0.672 seconds with exit status 0 (successful).
  INFO [0c6266ed] Running /usr/bin/env mkdir -p ~/apps/sloth-run/shared ~/apps/sloth-run/releases as deploy@sloth.run
 DEBUG [0c6266ed] Command: /usr/bin/env mkdir -p ~/apps/sloth-run/shared ~/apps/sloth-run/releases
  INFO [0c6266ed] Finished in 0.048 seconds with exit status 0 (successful).
  INFO [28c48518] Running /usr/bin/env mkdir -p ~/apps/sloth-run/shared/tmp ~/apps/sloth-run/shared/log as deploy@sloth.run
 DEBUG [28c48518] Command: /usr/bin/env mkdir -p ~/apps/sloth-run/shared/tmp ~/apps/sloth-run/shared/log
  INFO [28c48518] Finished in 0.049 seconds with exit status 0 (successful).
 DEBUG [ae4c26d4] Running [ -f ~/apps/sloth-run/current/REVISION ] as deploy@sloth.run
 DEBUG [ae4c26d4] Command: [ -f ~/apps/sloth-run/current/REVISION ]
 DEBUG [ae4c26d4] Finished in 0.055 seconds with exit status 0 (successful).
 DEBUG [da206281] Running /usr/bin/env cat ~/apps/sloth-run/current/REVISION 2>/dev/null as deploy@sloth.run
 DEBUG [da206281] Command: /usr/bin/env cat ~/apps/sloth-run/current/REVISION 2>/dev/null
 DEBUG [da206281] 	0d67f48
 DEBUG [da206281] Finished in 0.049 seconds with exit status 0 (successful).
 DEBUG [3dda6a0f] Running [ -f ~/apps/sloth-run/repo/HEAD ] as deploy@sloth.run
 DEBUG [3dda6a0f] Command: [ -f ~/apps/sloth-run/repo/HEAD ]
 DEBUG [3dda6a0f] Finished in 0.050 seconds with exit status 0 (successful).
  INFO The repository mirror is at ~/apps/sloth-run/repo
 DEBUG [804312a8] Running if test ! -d ~/apps/sloth-run/repo; then echo "Directory does not exist '~/apps/sloth-run/repo'" 1>&2; false; fi as deploy@sloth.run
 DEBUG [804312a8] Command: if test ! -d ~/apps/sloth-run/repo; then echo "Directory does not exist '~/apps/sloth-run/repo'" 1>&2; false; fi
 DEBUG [804312a8] Finished in 0.049 seconds with exit status 0 (successful).
  INFO [6137b9cd] Running /usr/bin/env git remote update --prune as deploy@sloth.run
 DEBUG [6137b9cd] Command: cd ~/apps/sloth-run/repo && ( export GIT_ASKPASS="/bin/echo" GIT_SSH="/tmp/sloth-run/git-ssh.sh" ; /usr/bin/env git remote update --prune )
 DEBUG [6137b9cd] 	Fetching origin
  INFO [6137b9cd] Finished in 0.609 seconds with exit status 0 (successful).
 DEBUG [ee13194a] Running if test ! -d ~/apps/sloth-run/repo; then echo "Directory does not exist '~/apps/sloth-run/repo'" 1>&2; false; fi as deploy@sloth.run
 DEBUG [ee13194a] Command: if test ! -d ~/apps/sloth-run/repo; then echo "Directory does not exist '~/apps/sloth-run/repo'" 1>&2; false; fi
 DEBUG [ee13194a] Finished in 0.044 seconds with exit status 0 (successful).
  INFO [a1e8838f] Running /usr/bin/env mkdir -p ~/apps/sloth-run/releases/20160607211354 as deploy@sloth.run
 DEBUG [a1e8838f] Command: cd ~/apps/sloth-run/repo && ( export GIT_ASKPASS="/bin/echo" GIT_SSH="/tmp/sloth-run/git-ssh.sh" ; /usr/bin/env mkdir -p ~/apps/sloth-run/releases/20160607211354 )
  INFO [a1e8838f] Finished in 0.045 seconds with exit status 0 (successful).
  INFO [f78563e0] Running /usr/bin/env git archive master | tar -x -f - -C ~/apps/sloth-run/releases/20160607211354 as deploy@sloth.run
 DEBUG [f78563e0] Command: cd ~/apps/sloth-run/repo && ( export GIT_ASKPASS="/bin/echo" GIT_SSH="/tmp/sloth-run/git-ssh.sh" ; /usr/bin/env git archive master | tar -x -f - -C ~/apps/sloth-run/releases/20160607211354 )
  INFO [f78563e0] Finished in 0.048 seconds with exit status 0 (successful).
 DEBUG [d816d3d1] Running if test ! -d ~/apps/sloth-run/repo; then echo "Directory does not exist '~/apps/sloth-run/repo'" 1>&2; false; fi as deploy@sloth.run
 DEBUG [d816d3d1] Command: if test ! -d ~/apps/sloth-run/repo; then echo "Directory does not exist '~/apps/sloth-run/repo'" 1>&2; false; fi
 DEBUG [d816d3d1] Finished in 0.042 seconds with exit status 0 (successful).
 DEBUG [b94ad790] Running /usr/bin/env git rev-list --max-count=1 master as deploy@sloth.run
 DEBUG [b94ad790] Command: cd ~/apps/sloth-run/repo && ( export GIT_ASKPASS="/bin/echo" GIT_SSH="/tmp/sloth-run/git-ssh.sh" ; /usr/bin/env git rev-list --max-count=1 master )
 DEBUG [b94ad790] 	b2ba92065697f3198047733c9d8fd29a0f7a4225
 DEBUG [b94ad790] Finished in 0.045 seconds with exit status 0 (successful).
 DEBUG [d8203f17] Running if test ! -d ~/apps/sloth-run/releases/20160607211354; then echo "Directory does not exist '~/apps/sloth-run/releases/20160607211354'" 1>&2; false; fi as deploy@sloth.run
 DEBUG [d8203f17] Command: if test ! -d ~/apps/sloth-run/releases/20160607211354; then echo "Directory does not exist '~/apps/sloth-run/releases/20160607211354'" 1>&2; false; fi
 DEBUG [d8203f17] Finished in 0.043 seconds with exit status 0 (successful).
  INFO [f9d9c076] Running /usr/bin/env echo "b2ba92065697f3198047733c9d8fd29a0f7a4225" >> REVISION as deploy@sloth.run
 DEBUG [f9d9c076] Command: cd ~/apps/sloth-run/releases/20160607211354 && /usr/bin/env echo "b2ba92065697f3198047733c9d8fd29a0f7a4225" >> REVISION
  INFO [f9d9c076] Finished in 0.044 seconds with exit status 0 (successful).
  INFO [12fed900] Running /usr/bin/env mkdir -p ~/apps/sloth-run/releases/20160607211354 as deploy@sloth.run
 DEBUG [12fed900] Command: /usr/bin/env mkdir -p ~/apps/sloth-run/releases/20160607211354
  INFO [12fed900] Finished in 0.044 seconds with exit status 0 (successful).
 DEBUG [2af453b4] Running [ -L ~/apps/sloth-run/releases/20160607211354/tmp ] as deploy@sloth.run
 DEBUG [2af453b4] Command: [ -L ~/apps/sloth-run/releases/20160607211354/tmp ]
 DEBUG [2af453b4] Finished in 0.042 seconds with exit status 1 (failed).
 DEBUG [a1835211] Running [ -d ~/apps/sloth-run/releases/20160607211354/tmp ] as deploy@sloth.run
 DEBUG [a1835211] Command: [ -d ~/apps/sloth-run/releases/20160607211354/tmp ]
 DEBUG [a1835211] Finished in 0.046 seconds with exit status 1 (failed).
  INFO [7b70878e] Running /usr/bin/env ln -s ~/apps/sloth-run/shared/tmp ~/apps/sloth-run/releases/20160607211354/tmp as deploy@sloth.run
 DEBUG [7b70878e] Command: /usr/bin/env ln -s ~/apps/sloth-run/shared/tmp ~/apps/sloth-run/releases/20160607211354/tmp
  INFO [7b70878e] Finished in 0.046 seconds with exit status 0 (successful).
 DEBUG [0300b6a9] Running [ -L ~/apps/sloth-run/releases/20160607211354/log ] as deploy@sloth.run
 DEBUG [0300b6a9] Command: [ -L ~/apps/sloth-run/releases/20160607211354/log ]
 DEBUG [0300b6a9] Finished in 0.042 seconds with exit status 1 (failed).
 DEBUG [3b6dd0b8] Running [ -d ~/apps/sloth-run/releases/20160607211354/log ] as deploy@sloth.run
 DEBUG [3b6dd0b8] Command: [ -d ~/apps/sloth-run/releases/20160607211354/log ]
 DEBUG [3b6dd0b8] Finished in 0.048 seconds with exit status 0 (successful).
  INFO [68d872c0] Running /usr/bin/env rm -rf ~/apps/sloth-run/releases/20160607211354/log as deploy@sloth.run
 DEBUG [68d872c0] Command: /usr/bin/env rm -rf ~/apps/sloth-run/releases/20160607211354/log
  INFO [68d872c0] Finished in 0.044 seconds with exit status 0 (successful).
  INFO [3d1a14d9] Running /usr/bin/env ln -s ~/apps/sloth-run/shared/log ~/apps/sloth-run/releases/20160607211354/log as deploy@sloth.run
 DEBUG [3d1a14d9] Command: /usr/bin/env ln -s ~/apps/sloth-run/shared/log ~/apps/sloth-run/releases/20160607211354/log
  INFO [3d1a14d9] Finished in 0.073 seconds with exit status 0 (successful).
 DEBUG [f0981e8c] Running if test ! -d ~/apps/sloth-run/releases/20160607211354; then echo "Directory does not exist '~/apps/sloth-run/releases/20160607211354'" 1>&2; false; fi as deploy@sloth.run
 DEBUG [f0981e8c] Command: if test ! -d ~/apps/sloth-run/releases/20160607211354; then echo "Directory does not exist '~/apps/sloth-run/releases/20160607211354'" 1>&2; false; fi
 DEBUG [f0981e8c] Finished in 0.045 seconds with exit status 0 (successful).
  INFO [af3cf52c] Running ~/.rvm/bin/rvm default do bundle install --path ~/apps/sloth-run/shared/bundle --without development test --deployment --quiet as deploy@sloth.run
 DEBUG [af3cf52c] Command: cd ~/apps/sloth-run/releases/20160607211354 && ~/.rvm/bin/rvm default do bundle install --path ~/apps/sloth-run/shared/bundle --without development test --deployment --quiet
  INFO [af3cf52c] Finished in 18.767 seconds with exit status 0 (successful).
  INFO [742e6364] Running /usr/bin/env ln -s ~/apps/sloth-run/releases/20160607211354 ~/apps/sloth-run/releases/current as deploy@sloth.run
 DEBUG [742e6364] Command: /usr/bin/env ln -s ~/apps/sloth-run/releases/20160607211354 ~/apps/sloth-run/releases/current
  INFO [742e6364] Finished in 0.047 seconds with exit status 0 (successful).
  INFO [903b7346] Running /usr/bin/env mv ~/apps/sloth-run/releases/current ~/apps/sloth-run as deploy@sloth.run
 DEBUG [903b7346] Command: /usr/bin/env mv ~/apps/sloth-run/releases/current ~/apps/sloth-run
  INFO [903b7346] Finished in 0.047 seconds with exit status 0 (successful).
 DEBUG [5c9789d5] Running /usr/bin/env ls -xtr ~/apps/sloth-run/releases as deploy@sloth.run
 DEBUG [5c9789d5] Command: /usr/bin/env ls -xtr ~/apps/sloth-run/releases
 DEBUG [5c9789d5] 	20160607203128	20160607210752	20160607210821	20160607210929	20160607211016
20160607211354
 DEBUG [5c9789d5] Finished in 0.048 seconds with exit status 0 (successful).
  INFO Keeping 5 of 6 deployed releases on sloth.run
  INFO [64d38812] Running /usr/bin/env rm -rf ~/apps/sloth-run/releases/20160607203128 as deploy@sloth.run
 DEBUG [64d38812] Command: /usr/bin/env rm -rf ~/apps/sloth-run/releases/20160607203128
  INFO [64d38812] Finished in 0.049 seconds with exit status 0 (successful).
 DEBUG [671c6906] Running if test ! -d ~/apps/sloth-run/releases; then echo "Directory does not exist '~/apps/sloth-run/releases'" 1>&2; false; fi as deploy@sloth.run
 DEBUG [671c6906] Command: if test ! -d ~/apps/sloth-run/releases; then echo "Directory does not exist '~/apps/sloth-run/releases'" 1>&2; false; fi
 DEBUG [671c6906] Finished in 0.044 seconds with exit status 0 (successful).
  INFO [3e0da114] Running /usr/bin/env echo "Branch master (at b2ba92065697f3198047733c9d8fd29a0f7a4225) deployed as release 20160607211354 by evan" >> ~/apps/sloth-run/revisions.log as deploy@sloth.run
 DEBUG [3e0da114] Command: cd ~/apps/sloth-run/releases && /usr/bin/env echo "Branch master (at b2ba92065697f3198047733c9d8fd29a0f7a4225) deployed as release 20160607211354 by evan" >> ~/apps/sloth-run/revisions.log
  INFO [3e0da114] Finished in 0.048 seconds with exit status 0 (successful).
  INFO ---------------------------------------------------------------------------
  INFO START 2016-06-07 16:17:06 -0500 cap production deploy
  INFO ---------------------------------------------------------------------------
 DEBUG [71279a6e] Running [ -d ~/.rvm ] as deploy@sloth.run
 DEBUG [71279a6e] Command: [ -d ~/.rvm ]
 DEBUG [71279a6e] Finished in 0.376 seconds with exit status 0 (successful).
 DEBUG [7ad5d6d0] Running ~/.rvm/bin/rvm version as deploy@sloth.run
 DEBUG [7ad5d6d0] Command: ~/.rvm/bin/rvm version
 DEBUG [7ad5d6d0] 	rvm 1.27.0 (latest) by Wayne E. Seguin <wayneeseguin@gmail.com>, Michal Papis <mpapis@gmail.com> [https://rvm.io/]
 DEBUG [7ad5d6d0] Finished in 0.229 seconds with exit status 0 (successful).
 DEBUG [62f4037e] Running ~/.rvm/bin/rvm current as deploy@sloth.run
 DEBUG [62f4037e] Command: ~/.rvm/bin/rvm current
 DEBUG [62f4037e] 	ruby-2.3.0
 DEBUG [62f4037e] Finished in 0.233 seconds with exit status 0 (successful).
 DEBUG [98568bd0] Running ~/.rvm/bin/rvm default do ruby --version as deploy@sloth.run
 DEBUG [98568bd0] Command: ~/.rvm/bin/rvm default do ruby --version
 DEBUG [98568bd0] 	ruby 2.3.0p0 (2015-12-25 revision 53290) [x86_64-linux]
 DEBUG [98568bd0] Finished in 0.405 seconds with exit status 0 (successful).
  INFO [0143f761] Running /usr/bin/env mkdir -p /tmp/sloth-run/ as deploy@sloth.run
 DEBUG [0143f761] Command: /usr/bin/env mkdir -p /tmp/sloth-run/
  INFO [0143f761] Finished in 0.044 seconds with exit status 0 (successful).
 DEBUG Uploading /tmp/sloth-run/git-ssh.sh 0.0%
  INFO Uploading /tmp/sloth-run/git-ssh.sh 100.0%
  INFO [3382c55e] Running /usr/bin/env chmod +rx /tmp/sloth-run/git-ssh.sh as deploy@sloth.run
 DEBUG [3382c55e] Command: /usr/bin/env chmod +rx /tmp/sloth-run/git-ssh.sh
  INFO [3382c55e] Finished in 0.044 seconds with exit status 0 (successful).
  INFO [b0702e9f] Running /usr/bin/env git ls-remote --heads git@github.com:evanrblack/sloth-run.git as deploy@sloth.run
 DEBUG [b0702e9f] Command: ( export GIT_ASKPASS="/bin/echo" GIT_SSH="/tmp/sloth-run/git-ssh.sh" ; /usr/bin/env git ls-remote --heads git@github.com:evanrblack/sloth-run.git )
 DEBUG [b0702e9f] 	de51cdf865d2553c2b525463f7b1bcaf67e7af68	refs/heads/master
  INFO [b0702e9f] Finished in 0.633 seconds with exit status 0 (successful).
  INFO [5c25c4d6] Running /usr/bin/env mkdir -p ~/apps/sloth-run/shared ~/apps/sloth-run/releases as deploy@sloth.run
 DEBUG [5c25c4d6] Command: /usr/bin/env mkdir -p ~/apps/sloth-run/shared ~/apps/sloth-run/releases
  INFO [5c25c4d6] Finished in 0.045 seconds with exit status 0 (successful).
  INFO [100ddef1] Running /usr/bin/env mkdir -p ~/apps/sloth-run/shared/tmp ~/apps/sloth-run/shared/log as deploy@sloth.run
 DEBUG [100ddef1] Command: /usr/bin/env mkdir -p ~/apps/sloth-run/shared/tmp ~/apps/sloth-run/shared/log
  INFO [100ddef1] Finished in 0.046 seconds with exit status 0 (successful).
 DEBUG [49113a70] Running [ -f ~/apps/sloth-run/current/REVISION ] as deploy@sloth.run
 DEBUG [49113a70] Command: [ -f ~/apps/sloth-run/current/REVISION ]
 DEBUG [49113a70] Finished in 0.043 seconds with exit status 0 (successful).
 DEBUG [bc99023f] Running /usr/bin/env cat ~/apps/sloth-run/current/REVISION 2>/dev/null as deploy@sloth.run
 DEBUG [bc99023f] Command: /usr/bin/env cat ~/apps/sloth-run/current/REVISION 2>/dev/null
 DEBUG [bc99023f] 	b2ba92065697f3198047733c9d8fd29a0f7a4225
 DEBUG [bc99023f] Finished in 0.051 seconds with exit status 0 (successful).
 DEBUG [0aa68a69] Running [ -f ~/apps/sloth-run/repo/HEAD ] as deploy@sloth.run
 DEBUG [0aa68a69] Command: [ -f ~/apps/sloth-run/repo/HEAD ]
 DEBUG [0aa68a69] Finished in 0.049 seconds with exit status 0 (successful).
  INFO The repository mirror is at ~/apps/sloth-run/repo
 DEBUG [c9ce82e0] Running if test ! -d ~/apps/sloth-run/repo; then echo "Directory does not exist '~/apps/sloth-run/repo'" 1>&2; false; fi as deploy@sloth.run
 DEBUG [c9ce82e0] Command: if test ! -d ~/apps/sloth-run/repo; then echo "Directory does not exist '~/apps/sloth-run/repo'" 1>&2; false; fi
 DEBUG [c9ce82e0] Finished in 0.049 seconds with exit status 0 (successful).
  INFO [f3497765] Running /usr/bin/env git remote update --prune as deploy@sloth.run
 DEBUG [f3497765] Command: cd ~/apps/sloth-run/repo && ( export GIT_ASKPASS="/bin/echo" GIT_SSH="/tmp/sloth-run/git-ssh.sh" ; /usr/bin/env git remote update --prune )
 DEBUG [f3497765] 	Fetching origin
 DEBUG [f3497765] 	From github.com:evanrblack/sloth-run
   b2ba920..de51cdf  master     -> master
  INFO [f3497765] Finished in 0.690 seconds with exit status 0 (successful).
 DEBUG [5da6ef76] Running if test ! -d ~/apps/sloth-run/repo; then echo "Directory does not exist '~/apps/sloth-run/repo'" 1>&2; false; fi as deploy@sloth.run
 DEBUG [5da6ef76] Command: if test ! -d ~/apps/sloth-run/repo; then echo "Directory does not exist '~/apps/sloth-run/repo'" 1>&2; false; fi
 DEBUG [5da6ef76] Finished in 0.043 seconds with exit status 0 (successful).
  INFO [fb52a040] Running /usr/bin/env mkdir -p ~/apps/sloth-run/releases/20160607211708 as deploy@sloth.run
 DEBUG [fb52a040] Command: cd ~/apps/sloth-run/repo && ( export GIT_ASKPASS="/bin/echo" GIT_SSH="/tmp/sloth-run/git-ssh.sh" ; /usr/bin/env mkdir -p ~/apps/sloth-run/releases/20160607211708 )
  INFO [fb52a040] Finished in 0.045 seconds with exit status 0 (successful).
  INFO [7e8e82f6] Running /usr/bin/env git archive master | tar -x -f - -C ~/apps/sloth-run/releases/20160607211708 as deploy@sloth.run
 DEBUG [7e8e82f6] Command: cd ~/apps/sloth-run/repo && ( export GIT_ASKPASS="/bin/echo" GIT_SSH="/tmp/sloth-run/git-ssh.sh" ; /usr/bin/env git archive master | tar -x -f - -C ~/apps/sloth-run/releases/20160607211708 )
 DEBUG [7e8e82f6] 	tar: .gitignore: time stamp 2016-06-07 17:16:53 is 16.221745026 s in the future
 DEBUG [7e8e82f6] 	tar: Capfile: time stamp 2016-06-07 17:16:53 is 16.22162584 s in the future
tar: Gemfile: time stamp 2016-06-07 17:16:53 is 16.221595324 s in the future
 DEBUG [7e8e82f6] 	tar: Gemfile.lock: time stamp 2016-06-07 17:16:53 is 16.221570364 s in the future
 DEBUG [7e8e82f6] 	tar: README.md: time stamp 2016-06-07 17:16:53 is 16.221546405 s in the future
 DEBUG [7e8e82f6] 	tar: Rakefile: time stamp 2016-06-07 17:16:53 is 16.221528007 s in the future
 DEBUG [7e8e82f6] 	tar: app.rb: time stamp 2016-06-07 17:16:53 is 16.22150429 s in the future
 DEBUG [7e8e82f6] 	tar: config.ru: time stamp 2016-06-07 17:16:53 is 16.221481075 s in the future
 DEBUG [7e8e82f6] 	tar: config/deploy.rb: time stamp 2016-06-07 17:16:53 is 16.221385478 s in the future
 DEBUG [7e8e82f6] 	tar: config/deploy/production.rb: time stamp 2016-06-07 17:16:53 is 16.221315705 s in the future
 DEBUG [7e8e82f6] 	tar: config/deploy/staging.rb: time stamp 2016-06-07 17:16:53 is 16.22127684 s in the future
 DEBUG [7e8e82f6] 	tar: config/deploy: time stamp 2016-06-07 17:16:53 is 16.221255419 s in the future
 DEBUG [7e8e82f6] 	tar: config/thin/production.yml: time stamp 2016-06-07 17:16:53 is 16.221207778 s in the future
 DEBUG [7e8e82f6] 	tar: config/thin: time stamp 2016-06-07 17:16:53 is 16.221188921 s in the future
 DEBUG [7e8e82f6] 	tar: config: time stamp 2016-06-07 17:16:53 is 16.221176071 s in the future
 DEBUG [7e8e82f6] 	tar: log/capistrano.log: time stamp 2016-06-07 17:16:53 is 16.221011594 s in the future
 DEBUG [7e8e82f6] 	tar: log: time stamp 2016-06-07 17:16:53 is 16.220983192 s in the future
 DEBUG [7e8e82f6] 	tar: post.rb: time stamp 2016-06-07 17:16:53 is 16.220935724 s in the future
 DEBUG [7e8e82f6] 	
 DEBUG [7e8e82f6] 	tar: public/images/audio.png: time stamp 2016-06-07 17:16:53 is 16.220817457 s in the future
 DEBUG [7e8e82f6] 	tar: public/images/video.png: time stamp 2016-06-07 17:16:53 is 16.220765026 s in the future
 DEBUG [7e8e82f6] 	tar: public/images: time stamp 2016-06-07 17:16:53 is 16.220736364 s in the future
 DEBUG [7e8e82f6] 	tar: public/stylesheets/main.css: time stamp 2016-06-07 17:16:53 is 16.220679491 s in the future
 DEBUG [7e8e82f6] 	tar: public/stylesheets: time stamp 2016-06-07 17:16:53 is 16.220660964 s in the future
 DEBUG [7e8e82f6] 	tar: public: time stamp 2016-06-07 17:16:53 is 16.220647884 s in the future
 DEBUG [7e8e82f6] 	tar: views/index.haml: time stamp 2016-06-07 17:16:53 is 16.220594865 s in the future
 DEBUG [7e8e82f6] 	tar: views/layout.haml: time stamp 2016-06-07 17:16:53 is 16.220564995 s in the future
 DEBUG [7e8e82f6] 	tar: views/post.haml: time stamp 2016-06-07 17:16:53 is 16.22053234 s in the future
 DEBUG [7e8e82f6] 	tar: views: time stamp 2016-06-07 17:16:53 is 16.220511879 s in the future
  INFO [7e8e82f6] Finished in 0.076 seconds with exit status 0 (successful).
 DEBUG [c5b07f38] Running if test ! -d ~/apps/sloth-run/repo; then echo "Directory does not exist '~/apps/sloth-run/repo'" 1>&2; false; fi as deploy@sloth.run
 DEBUG [c5b07f38] Command: if test ! -d ~/apps/sloth-run/repo; then echo "Directory does not exist '~/apps/sloth-run/repo'" 1>&2; false; fi
 DEBUG [c5b07f38] Finished in 0.065 seconds with exit status 0 (successful).
 DEBUG [d1fbcceb] Running /usr/bin/env git rev-list --max-count=1 master as deploy@sloth.run
 DEBUG [d1fbcceb] Command: cd ~/apps/sloth-run/repo && ( export GIT_ASKPASS="/bin/echo" GIT_SSH="/tmp/sloth-run/git-ssh.sh" ; /usr/bin/env git rev-list --max-count=1 master )
 DEBUG [d1fbcceb] 	de51cdf865d2553c2b525463f7b1bcaf67e7af68
 DEBUG [d1fbcceb] Finished in 0.057 seconds with exit status 0 (successful).
 DEBUG [d66f11e3] Running if test ! -d ~/apps/sloth-run/releases/20160607211708; then echo "Directory does not exist '~/apps/sloth-run/releases/20160607211708'" 1>&2; false; fi as deploy@sloth.run
 DEBUG [d66f11e3] Command: if test ! -d ~/apps/sloth-run/releases/20160607211708; then echo "Directory does not exist '~/apps/sloth-run/releases/20160607211708'" 1>&2; false; fi
 DEBUG [d66f11e3] Finished in 0.043 seconds with exit status 0 (successful).
  INFO [a8a5bb59] Running /usr/bin/env echo "de51cdf865d2553c2b525463f7b1bcaf67e7af68" >> REVISION as deploy@sloth.run
 DEBUG [a8a5bb59] Command: cd ~/apps/sloth-run/releases/20160607211708 && /usr/bin/env echo "de51cdf865d2553c2b525463f7b1bcaf67e7af68" >> REVISION
  INFO [a8a5bb59] Finished in 0.047 seconds with exit status 0 (successful).
  INFO [8c7479c9] Running /usr/bin/env mkdir -p ~/apps/sloth-run/releases/20160607211708 as deploy@sloth.run
 DEBUG [8c7479c9] Command: /usr/bin/env mkdir -p ~/apps/sloth-run/releases/20160607211708
  INFO [8c7479c9] Finished in 0.053 seconds with exit status 0 (successful).
 DEBUG [b624ad3a] Running [ -L ~/apps/sloth-run/releases/20160607211708/tmp ] as deploy@sloth.run
 DEBUG [b624ad3a] Command: [ -L ~/apps/sloth-run/releases/20160607211708/tmp ]
 DEBUG [b624ad3a] Finished in 0.044 seconds with exit status 1 (failed).
 DEBUG [fd3b57e0] Running [ -d ~/apps/sloth-run/releases/20160607211708/tmp ] as deploy@sloth.run
 DEBUG [fd3b57e0] Command: [ -d ~/apps/sloth-run/releases/20160607211708/tmp ]
 DEBUG [fd3b57e0] Finished in 0.042 seconds with exit status 1 (failed).
  INFO [95a3c1b2] Running /usr/bin/env ln -s ~/apps/sloth-run/shared/tmp ~/apps/sloth-run/releases/20160607211708/tmp as deploy@sloth.run
 DEBUG [95a3c1b2] Command: /usr/bin/env ln -s ~/apps/sloth-run/shared/tmp ~/apps/sloth-run/releases/20160607211708/tmp
  INFO [95a3c1b2] Finished in 0.044 seconds with exit status 0 (successful).
 DEBUG [84518fa4] Running [ -L ~/apps/sloth-run/releases/20160607211708/log ] as deploy@sloth.run
 DEBUG [84518fa4] Command: [ -L ~/apps/sloth-run/releases/20160607211708/log ]
 DEBUG [84518fa4] Finished in 0.047 seconds with exit status 1 (failed).
 DEBUG [e13006d2] Running [ -d ~/apps/sloth-run/releases/20160607211708/log ] as deploy@sloth.run
 DEBUG [e13006d2] Command: [ -d ~/apps/sloth-run/releases/20160607211708/log ]
 DEBUG [e13006d2] Finished in 0.042 seconds with exit status 0 (successful).
  INFO [9aff7b14] Running /usr/bin/env rm -rf ~/apps/sloth-run/releases/20160607211708/log as deploy@sloth.run
 DEBUG [9aff7b14] Command: /usr/bin/env rm -rf ~/apps/sloth-run/releases/20160607211708/log
  INFO [9aff7b14] Finished in 0.043 seconds with exit status 0 (successful).
  INFO [1dcad79a] Running /usr/bin/env ln -s ~/apps/sloth-run/shared/log ~/apps/sloth-run/releases/20160607211708/log as deploy@sloth.run
 DEBUG [1dcad79a] Command: /usr/bin/env ln -s ~/apps/sloth-run/shared/log ~/apps/sloth-run/releases/20160607211708/log
  INFO [1dcad79a] Finished in 0.044 seconds with exit status 0 (successful).
 DEBUG [490fc509] Running if test ! -d ~/apps/sloth-run/releases/20160607211708; then echo "Directory does not exist '~/apps/sloth-run/releases/20160607211708'" 1>&2; false; fi as deploy@sloth.run
 DEBUG [490fc509] Command: if test ! -d ~/apps/sloth-run/releases/20160607211708; then echo "Directory does not exist '~/apps/sloth-run/releases/20160607211708'" 1>&2; false; fi
 DEBUG [490fc509] Finished in 0.048 seconds with exit status 0 (successful).
  INFO [fc7a9485] Running ~/.rvm/bin/rvm default do bundle install --path ~/apps/sloth-run/shared/bundle --without development test --deployment --quiet as deploy@sloth.run
 DEBUG [fc7a9485] Command: cd ~/apps/sloth-run/releases/20160607211708 && ~/.rvm/bin/rvm default do bundle install --path ~/apps/sloth-run/shared/bundle --without development test --deployment --quiet
  INFO [fc7a9485] Finished in 0.924 seconds with exit status 0 (successful).
  INFO [2dcfb5a1] Running /usr/bin/env ln -s ~/apps/sloth-run/releases/20160607211708 ~/apps/sloth-run/releases/current as deploy@sloth.run
 DEBUG [2dcfb5a1] Command: /usr/bin/env ln -s ~/apps/sloth-run/releases/20160607211708 ~/apps/sloth-run/releases/current
  INFO [2dcfb5a1] Finished in 0.044 seconds with exit status 0 (successful).
  INFO [ac9b9052] Running /usr/bin/env mv ~/apps/sloth-run/releases/current ~/apps/sloth-run as deploy@sloth.run
 DEBUG [ac9b9052] Command: /usr/bin/env mv ~/apps/sloth-run/releases/current ~/apps/sloth-run
  INFO [ac9b9052] Finished in 0.044 seconds with exit status 0 (successful).
 DEBUG [fa678d10] Running /usr/bin/env ls -xtr ~/apps/sloth-run/releases as deploy@sloth.run
 DEBUG [fa678d10] Command: /usr/bin/env ls -xtr ~/apps/sloth-run/releases
 DEBUG [fa678d10] 	20160607210752	20160607210821	20160607210929	20160607211016	20160607211354
20160607211708
 DEBUG [fa678d10] Finished in 0.045 seconds with exit status 0 (successful).
  INFO Keeping 5 of 6 deployed releases on sloth.run
  INFO [e250a02a] Running /usr/bin/env rm -rf ~/apps/sloth-run/releases/20160607210752 as deploy@sloth.run
 DEBUG [e250a02a] Command: /usr/bin/env rm -rf ~/apps/sloth-run/releases/20160607210752
  INFO [e250a02a] Finished in 0.044 seconds with exit status 0 (successful).
 DEBUG [018fdcd0] Running if test ! -d ~/apps/sloth-run/releases; then echo "Directory does not exist '~/apps/sloth-run/releases'" 1>&2; false; fi as deploy@sloth.run
 DEBUG [018fdcd0] Command: if test ! -d ~/apps/sloth-run/releases; then echo "Directory does not exist '~/apps/sloth-run/releases'" 1>&2; false; fi
 DEBUG [018fdcd0] Finished in 0.045 seconds with exit status 0 (successful).
  INFO [a2df92e6] Running /usr/bin/env echo "Branch master (at de51cdf865d2553c2b525463f7b1bcaf67e7af68) deployed as release 20160607211708 by evan" >> ~/apps/sloth-run/revisions.log as deploy@sloth.run
 DEBUG [a2df92e6] Command: cd ~/apps/sloth-run/releases && /usr/bin/env echo "Branch master (at de51cdf865d2553c2b525463f7b1bcaf67e7af68) deployed as release 20160607211708 by evan" >> ~/apps/sloth-run/revisions.log
  INFO [a2df92e6] Finished in 0.045 seconds with exit status 0 (successful).
 DEBUG [becdefb3] Running if test ! -d ~/apps/sloth-run/current; then echo "Directory does not exist '~/apps/sloth-run/current'" 1>&2; false; fi as deploy@sloth.run
 DEBUG [becdefb3] Command: if test ! -d ~/apps/sloth-run/current; then echo "Directory does not exist '~/apps/sloth-run/current'" 1>&2; false; fi
 DEBUG [becdefb3] Finished in 0.043 seconds with exit status 0 (successful).
  INFO [e4a5fe2f] Running ~/.rvm/bin/rvm default do bundle exec thin restart -C config/thin/production.yml as deploy@sloth.run
 DEBUG [e4a5fe2f] Command: cd ~/apps/sloth-run/current && ~/.rvm/bin/rvm default do bundle exec thin restart -C config/thin/production.yml
 DEBUG [e4a5fe2f] 	Stopping server on 0.0.0.0:3000 ... 
 DEBUG [e4a5fe2f] 	/home/deploy/apps/sloth-run/shared/bundle/ruby/2.3.0/gems/thin-1.7.0/lib/thin/daemonizing.rb:129:in `send_signal': Can't stop process, no PID found in tmp/pids/thin.3000.pid (Thin::PidFileNotFound)

	from /home/deploy/apps/sloth-run/shared/bundle/ruby/2.3.0/gems/thin-1.7.0/lib/thin/daemonizing.rb:111:in `kill'

	from /home/deploy/apps/sloth-run/shared/bundle/ruby/2.3.0/gems/thin-1.7.0/lib/thin/controllers/controller.rb:94:in `block in stop'

	from /home/deploy/apps/sloth-run/shared/bundle/ruby/2.3.0/gems/thin-1.7.0/lib/thin/controllers/controller.rb:135:in `tail_log'

	from /home/deploy/apps/sloth-run/shared/bundle/ruby/2.3.0/gems/thin-1.7.0/lib/thin/controllers/controller.rb:93:in `stop'

	from /home/deploy/apps/sloth-run/shared/bundle/ruby/2.3.0/gems/thin-1.7.0/lib/thin/runner.rb:200:in `run_command'

	from /home/deploy/apps/sloth-run/shared/bundle/ruby/2.3.0/gems/thin-1.7.0/lib/thin/runner.rb:156:in `run!'

	from /home/deploy/apps/sloth-run/shared/bundle/ruby/2.3.0/gems/thin-1.7.0/bin/thin:6:in `<top (required)>'

	from /home/deploy/apps/sloth-run/shared/bundle/ruby/2.3.0/bin/thin:23:in `load'

	from /home/deploy/apps/sloth-run/shared/bundle/ruby/2.3.0/bin/thin:23:in `<main>'

Starting server on 0.0.0.0:3000 ... 
  INFO [e4a5fe2f] Finished in 1.483 seconds with exit status 0 (successful).
